#
# There is insufficient memory for the Java Runtime Environment to continue.
# Native memory allocation (malloc) failed to allocate 32744 bytes. Error detail: Chunk::new
# Possible reasons:
#   The system is out of physical RAM or swap space
#   This process is running with CompressedOops enabled, and the Java Heap may be blocking the growth of the native heap
# Possible solutions:
#   Reduce memory load on the system
#   Increase physical memory or swap space
#   Check if swap backing store is full
#   Decrease Java heap size (-Xmx/-Xms)
#   Decrease number of Java threads
#   Decrease Java thread stack sizes (-Xss)
#   Set larger code cache with -XX:ReservedCodeCacheSize=
#   JVM is running with Unscaled Compressed Oops mode in which the Java heap is
#     placed in the first 4GB address space. The Java Heap base address is the
#     maximum limit for the native heap growth. Please use -XX:HeapBaseMinAddress
#     to set the Java Heap base and to place the Java Heap above 4GB virtual address.
# This output file may be truncated or incomplete.
#
#  Out of Memory Error (arena.cpp:150), pid=27892, tid=28352
#
# JRE version: Java(TM) SE Runtime Environment (22.0.2+9) (build 22.0.2+9-70)
# Java VM: Java HotSpot(TM) 64-Bit Server VM (22.0.2+9-70, mixed mode, sharing, tiered, compressed oops, compressed class ptrs, g1 gc, windows-amd64)
# No core dump will be written. Minidumps are not enabled by default on client versions of Windows
#

---------------  S U M M A R Y ------------

Command Line: -Dfile.encoding=UTF-8 --module-path=C:\Users\Lenovo\Documents\NetBeansProjects\bank management system\build\classes bank.management.system.signupOne

Host: Intel(R) Core(TM) i3-10110U CPU @ 2.10GHz, 4 cores, 7G,  Windows 11 , 64 bit Build 22621 (10.0.22621.3958)
Time: Sat Sep  7 16:59:24 2024 India Standard Time elapsed time: 597618.586330 seconds (6d 22h 0m 18s)

---------------  T H R E A D  ---------------

Current thread (0x000001db38bae400):  JavaThread "C2 CompilerThread0" daemon [_thread_in_native, id=28352, stack(0x00000067e6200000,0x00000067e6300000) (1024K)]


Current CompileTask:
C2:597618586 2536       4       sun.java2d.loops.GraphicsPrimitiveMgr::locate (104 bytes)

Stack: [0x00000067e6200000,0x00000067e6300000]
Native frames: (J=compiled Java code, j=interpreted, Vv=VM code, C=native code)
V  [jvm.dll+0x6e26e9]  (no source info available)
V  [jvm.dll+0x875753]  (no source info available)
V  [jvm.dll+0x877b7e]  (no source info available)
V  [jvm.dll+0x878253]  (no source info available)
V  [jvm.dll+0x27fc86]  (no source info available)
V  [jvm.dll+0xc3d0f]  (no source info available)
V  [jvm.dll+0xc3f6b]  (no source info available)
V  [jvm.dll+0x6bde57]  (no source info available)
V  [jvm.dll+0x672ff8]  (no source info available)
V  [jvm.dll+0x671355]  (no source info available)
V  [jvm.dll+0x247677]  (no source info available)
V  [jvm.dll+0x246e9f]  (no source info available)
V  [jvm.dll+0x1c4e80]  (no source info available)
V  [jvm.dll+0x2568f3]  (no source info available)
V  [jvm.dll+0x254baa]  (no source info available)
V  [jvm.dll+0x3f57a6]  (no source info available)
V  [jvm.dll+0x81dc0b]  (no source info available)
V  [jvm.dll+0x6e0d85]  (no source info available)
C  [ucrtbase.dll+0x29333]  (no source info available)
C  [KERNEL32.DLL+0x1257d]  (no source info available)
C  [ntdll.dll+0x5af28]  (no source info available)


---------------  P R O C E S S  ---------------

Threads class SMR info:
_java_thread_list=0x000001db7f244110, length=16, elements={
0x000001db38a8d570, 0x000001db38a8e1d0, 0x000001db38b9ac30, 0x000001db38b9b690,
0x000001db38b9c0f0, 0x000001db38b9cc80, 0x000001db38bae400, 0x000001db38bb1ae0,
0x000001db38cc28a0, 0x000001db38dd3a80, 0x000001db38ee6e60, 0x000001db38ef0ba0,
0x000001db38ef3cd0, 0x000001db7f5a9440, 0x000001db1a9f2190, 0x000001db00626730
}

Java Threads: ( => current thread )
  0x000001db38a8d570 JavaThread "Reference Handler"          daemon [_thread_blocked, id=26268, stack(0x00000067e5c00000,0x00000067e5d00000) (1024K)]
  0x000001db38a8e1d0 JavaThread "Finalizer"                  daemon [_thread_blocked, id=27104, stack(0x00000067e5d00000,0x00000067e5e00000) (1024K)]
  0x000001db38b9ac30 JavaThread "Signal Dispatcher"          daemon [_thread_blocked, id=14816, stack(0x00000067e5e00000,0x00000067e5f00000) (1024K)]
  0x000001db38b9b690 JavaThread "Attach Listener"            daemon [_thread_blocked, id=17696, stack(0x00000067e5f00000,0x00000067e6000000) (1024K)]
  0x000001db38b9c0f0 JavaThread "Service Thread"             daemon [_thread_blocked, id=27096, stack(0x00000067e6000000,0x00000067e6100000) (1024K)]
  0x000001db38b9cc80 JavaThread "Monitor Deflation Thread"   daemon [_thread_blocked, id=22608, stack(0x00000067e6100000,0x00000067e6200000) (1024K)]
=>0x000001db38bae400 JavaThread "C2 CompilerThread0"         daemon [_thread_in_native, id=28352, stack(0x00000067e6200000,0x00000067e6300000) (1024K)]
  0x000001db38bb1ae0 JavaThread "C1 CompilerThread0"         daemon [_thread_blocked, id=27804, stack(0x00000067e6300000,0x00000067e6400000) (1024K)]
  0x000001db38cc28a0 JavaThread "Common-Cleaner"             daemon [_thread_blocked, id=5888, stack(0x00000067e6400000,0x00000067e6500000) (1024K)]
  0x000001db38dd3a80 JavaThread "Notification Thread"        daemon [_thread_blocked, id=4112, stack(0x00000067e6500000,0x00000067e6600000) (1024K)]
  0x000001db38ee6e60 JavaThread "Java2D Disposer"            daemon [_thread_blocked, id=18124, stack(0x00000067e6600000,0x00000067e6700000) (1024K)]
  0x000001db38ef0ba0 JavaThread "AWT-Shutdown"                      [_thread_blocked, id=11980, stack(0x00000067e6700000,0x00000067e6800000) (1024K)]
  0x000001db38ef3cd0 JavaThread "AWT-Windows"                daemon [_thread_in_native, id=27072, stack(0x00000067e6800000,0x00000067e6900000) (1024K)]
  0x000001db7f5a9440 JavaThread "AWT-EventQueue-0"                  [_thread_in_Java, id=27288, stack(0x00000067e6a00000,0x00000067e6b00000) (1024K)]
  0x000001db1a9f2190 JavaThread "DestroyJavaVM"                     [_thread_blocked, id=26800, stack(0x00000067e5400000,0x00000067e5500000) (1024K)]
  0x000001db00626730 JavaThread "TimerQueue"                 daemon [_thread_blocked, id=23076, stack(0x00000067e7200000,0x00000067e7300000) (1024K)]
Total: 16

Other Threads:
  0x000001db38a75380 VMThread "VM Thread"                           [id=19960, stack(0x00000067e5b00000,0x00000067e5c00000) (1024K)]
  0x000001db38a5c510 WatcherThread "VM Periodic Task Thread"        [id=26716, stack(0x00000067e5a00000,0x00000067e5b00000) (1024K)]
  0x000001db1cb517d0 WorkerThread "GC Thread#0"                     [id=28256, stack(0x00000067e5500000,0x00000067e5600000) (1024K)]
  0x000001db7f5a5e10 WorkerThread "GC Thread#1"                     [id=27352, stack(0x00000067e6f00000,0x00000067e7000000) (1024K)]
  0x000001db7f5a61c0 WorkerThread "GC Thread#2"                     [id=28208, stack(0x00000067e7000000,0x00000067e7100000) (1024K)]
  0x000001db7f5a6570 WorkerThread "GC Thread#3"                     [id=28148, stack(0x00000067e7100000,0x00000067e7200000) (1024K)]
  0x000001db1cb632d0 ConcurrentGCThread "G1 Main Marker"            [id=28340, stack(0x00000067e5600000,0x00000067e5700000) (1024K)]
  0x000001db1cb647a0 WorkerThread "G1 Conc#0"                       [id=6324, stack(0x00000067e5700000,0x00000067e5800000) (1024K)]
  0x000001db1cb8e700 ConcurrentGCThread "G1 Refine#0"               [id=6492, stack(0x00000067e5800000,0x00000067e5900000) (1024K)]
  0x000001db38932270 ConcurrentGCThread "G1 Service"                [id=24904, stack(0x00000067e5900000,0x00000067e5a00000) (1024K)]
Total: 10

Threads with active compile tasks:
C2 CompilerThread0  597618927 2536       4       sun.java2d.loops.GraphicsPrimitiveMgr::locate (104 bytes)
Total: 1

VM state: not at safepoint (normal execution)

VM Mutex/Monitor currently owned by a thread: None

Heap address: 0x0000000082800000, size: 2008 MB, Compressed Oops mode: 32-bit

CDS archive(s) mapped at: [0x000001db39000000-0x000001db39c60000-0x000001db39c60000), size 12976128, SharedBaseAddress: 0x000001db39000000, ArchiveRelocationMode: 1.
Compressed class space mapped at: 0x000001db3a000000-0x000001db7a000000, reserved size: 1073741824
Narrow klass base: 0x000001db39000000, Narrow klass shift: 0, Narrow klass range: 0x41000000

GC Precious Log:
 CardTable entry size: 512
 Card Set container configuration: InlinePtr #cards 5 size 8 Array Of Cards #cards 12 size 40 Howl #buckets 4 coarsen threshold 1843 Howl Bitmap #cards 512 size 80 coarsen threshold 460 Card regions per heap region 1 cards per card region 2048
 CPUs: 4 total, 4 available
 Memory: 8026M
 Large Page Support: Disabled
 NUMA Support: Disabled
 Compressed Oops: Enabled (32-bit)
 Heap Region Size: 1M
 Heap Min Capacity: 8M
 Heap Initial Capacity: 126M
 Heap Max Capacity: 2008M
 Pre-touch: Disabled
 Parallel Workers: 4
 Concurrent Workers: 1
 Concurrent Refinement Workers: 4
 Periodic GC: Disabled

Heap:
 garbage-first heap   total reserved 2056192K, committed 129024K, used 8078K [0x0000000082800000, 0x0000000100000000)
  region size 1024K, 2 young (2048K), 1 survivors (1024K)
 Metaspace       used 11419K, committed 11648K, reserved 1114112K
  class space    used 1303K, committed 1408K, reserved 1048576K

Heap Regions: E=young(eden), S=young(survivor), O=old, HS=humongous(starts), HC=humongous(continues), CS=collection set, F=free, TAMS=top-at-mark-start, PB=parsable bottom
|   0|0x0000000082800000, 0x0000000082900000, 0x0000000082900000|100%|HS|  |TAMS 0x0000000082800000| PB 0x0000000082800000| Complete |  0
|   1|0x0000000082900000, 0x0000000082a00000, 0x0000000082a00000|100%|HC|  |TAMS 0x0000000082900000| PB 0x0000000082900000| Complete |  0
|   2|0x0000000082a00000, 0x0000000082b00000, 0x0000000082b00000|100%|HC|  |TAMS 0x0000000082a00000| PB 0x0000000082a00000| Complete |  0
|   3|0x0000000082b00000, 0x0000000082c00000, 0x0000000082c00000|100%| O|  |TAMS 0x0000000082b00000| PB 0x0000000082b00000| Untracked |  0
|   4|0x0000000082c00000, 0x0000000082d00000, 0x0000000082d00000|100%| O|  |TAMS 0x0000000082c00000| PB 0x0000000082c00000| Untracked |  0
|   5|0x0000000082d00000, 0x0000000082e00000, 0x0000000082e00000|100%| O|  |TAMS 0x0000000082d00000| PB 0x0000000082d00000| Untracked |  0
|   6|0x0000000082e00000, 0x0000000082f00000, 0x0000000082f00000|100%| O|  |TAMS 0x0000000082e00000| PB 0x0000000082e00000| Untracked |  0
|   7|0x0000000082f00000, 0x0000000082f4b798, 0x0000000083000000| 29%| O|  |TAMS 0x0000000082f00000| PB 0x0000000082f00000| Untracked |  0
|   8|0x0000000083000000, 0x0000000083000000, 0x0000000083100000|  0%| F|  |TAMS 0x0000000083000000| PB 0x0000000083000000| Untracked |  0
|   9|0x0000000083100000, 0x0000000083100000, 0x0000000083200000|  0%| F|  |TAMS 0x0000000083100000| PB 0x0000000083100000| Untracked |  0
|  10|0x0000000083200000, 0x0000000083200000, 0x0000000083300000|  0%| F|  |TAMS 0x0000000083200000| PB 0x0000000083200000| Untracked |  0
|  11|0x0000000083300000, 0x0000000083300000, 0x0000000083400000|  0%| F|  |TAMS 0x0000000083300000| PB 0x0000000083300000| Untracked |  0
|  12|0x0000000083400000, 0x0000000083400000, 0x0000000083500000|  0%| F|  |TAMS 0x0000000083400000| PB 0x0000000083400000| Untracked |  0
|  13|0x0000000083500000, 0x0000000083500000, 0x0000000083600000|  0%| F|  |TAMS 0x0000000083500000| PB 0x0000000083500000| Untracked |  0
|  14|0x0000000083600000, 0x0000000083600000, 0x0000000083700000|  0%| F|  |TAMS 0x0000000083600000| PB 0x0000000083600000| Untracked |  0
|  15|0x0000000083700000, 0x0000000083700000, 0x0000000083800000|  0%| F|  |TAMS 0x0000000083700000| PB 0x0000000083700000| Untracked |  0
|  16|0x0000000083800000, 0x0000000083800000, 0x0000000083900000|  0%| F|  |TAMS 0x0000000083800000| PB 0x0000000083800000| Untracked |  0
|  17|0x0000000083900000, 0x0000000083900000, 0x0000000083a00000|  0%| F|  |TAMS 0x0000000083900000| PB 0x0000000083900000| Untracked |  0
|  18|0x0000000083a00000, 0x0000000083a00000, 0x0000000083b00000|  0%| F|  |TAMS 0x0000000083a00000| PB 0x0000000083a00000| Untracked |  0
|  19|0x0000000083b00000, 0x0000000083b00000, 0x0000000083c00000|  0%| F|  |TAMS 0x0000000083b00000| PB 0x0000000083b00000| Untracked |  0
|  20|0x0000000083c00000, 0x0000000083c00000, 0x0000000083d00000|  0%| F|  |TAMS 0x0000000083c00000| PB 0x0000000083c00000| Untracked |  0
|  21|0x0000000083d00000, 0x0000000083d00000, 0x0000000083e00000|  0%| F|  |TAMS 0x0000000083d00000| PB 0x0000000083d00000| Untracked |  0
|  22|0x0000000083e00000, 0x0000000083e00000, 0x0000000083f00000|  0%| F|  |TAMS 0x0000000083e00000| PB 0x0000000083e00000| Untracked |  0
|  23|0x0000000083f00000, 0x0000000083f00000, 0x0000000084000000|  0%| F|  |TAMS 0x0000000083f00000| PB 0x0000000083f00000| Untracked |  0
|  24|0x0000000084000000, 0x0000000084000000, 0x0000000084100000|  0%| F|  |TAMS 0x0000000084000000| PB 0x0000000084000000| Untracked |  0
|  25|0x0000000084100000, 0x0000000084100000, 0x0000000084200000|  0%| F|  |TAMS 0x0000000084100000| PB 0x0000000084100000| Untracked |  0
|  26|0x0000000084200000, 0x0000000084200000, 0x0000000084300000|  0%| F|  |TAMS 0x0000000084200000| PB 0x0000000084200000| Untracked |  0
|  27|0x0000000084300000, 0x0000000084300000, 0x0000000084400000|  0%| F|  |TAMS 0x0000000084300000| PB 0x0000000084300000| Untracked |  0
|  28|0x0000000084400000, 0x0000000084400000, 0x0000000084500000|  0%| F|  |TAMS 0x0000000084400000| PB 0x0000000084400000| Untracked |  0
|  29|0x0000000084500000, 0x0000000084500000, 0x0000000084600000|  0%| F|  |TAMS 0x0000000084500000| PB 0x0000000084500000| Untracked |  0
|  30|0x0000000084600000, 0x0000000084600000, 0x0000000084700000|  0%| F|  |TAMS 0x0000000084600000| PB 0x0000000084600000| Untracked |  0
|  31|0x0000000084700000, 0x0000000084700000, 0x0000000084800000|  0%| F|  |TAMS 0x0000000084700000| PB 0x0000000084700000| Untracked |  0
|  32|0x0000000084800000, 0x0000000084800000, 0x0000000084900000|  0%| F|  |TAMS 0x0000000084800000| PB 0x0000000084800000| Untracked |  0
|  33|0x0000000084900000, 0x0000000084900000, 0x0000000084a00000|  0%| F|  |TAMS 0x0000000084900000| PB 0x0000000084900000| Untracked |  0
|  34|0x0000000084a00000, 0x0000000084a00000, 0x0000000084b00000|  0%| F|  |TAMS 0x0000000084a00000| PB 0x0000000084a00000| Untracked |  0
|  35|0x0000000084b00000, 0x0000000084b00000, 0x0000000084c00000|  0%| F|  |TAMS 0x0000000084b00000| PB 0x0000000084b00000| Untracked |  0
|  36|0x0000000084c00000, 0x0000000084c00000, 0x0000000084d00000|  0%| F|  |TAMS 0x0000000084c00000| PB 0x0000000084c00000| Untracked |  0
|  37|0x0000000084d00000, 0x0000000084d00000, 0x0000000084e00000|  0%| F|  |TAMS 0x0000000084d00000| PB 0x0000000084d00000| Untracked |  0
|  38|0x0000000084e00000, 0x0000000084e00000, 0x0000000084f00000|  0%| F|  |TAMS 0x0000000084e00000| PB 0x0000000084e00000| Untracked |  0
|  39|0x0000000084f00000, 0x0000000084f00000, 0x0000000085000000|  0%| F|  |TAMS 0x0000000084f00000| PB 0x0000000084f00000| Untracked |  0
|  40|0x0000000085000000, 0x0000000085000000, 0x0000000085100000|  0%| F|  |TAMS 0x0000000085000000| PB 0x0000000085000000| Untracked |  0
|  41|0x0000000085100000, 0x0000000085100000, 0x0000000085200000|  0%| F|  |TAMS 0x0000000085100000| PB 0x0000000085100000| Untracked |  0
|  42|0x0000000085200000, 0x0000000085200000, 0x0000000085300000|  0%| F|  |TAMS 0x0000000085200000| PB 0x0000000085200000| Untracked |  0
|  43|0x0000000085300000, 0x0000000085300000, 0x0000000085400000|  0%| F|  |TAMS 0x0000000085300000| PB 0x0000000085300000| Untracked |  0
|  44|0x0000000085400000, 0x0000000085400000, 0x0000000085500000|  0%| F|  |TAMS 0x0000000085400000| PB 0x0000000085400000| Untracked |  0
|  45|0x0000000085500000, 0x0000000085500000, 0x0000000085600000|  0%| F|  |TAMS 0x0000000085500000| PB 0x0000000085500000| Untracked |  0
|  46|0x0000000085600000, 0x0000000085600000, 0x0000000085700000|  0%| F|  |TAMS 0x0000000085600000| PB 0x0000000085600000| Untracked |  0
|  47|0x0000000085700000, 0x0000000085700000, 0x0000000085800000|  0%| F|  |TAMS 0x0000000085700000| PB 0x0000000085700000| Untracked |  0
|  48|0x0000000085800000, 0x0000000085800000, 0x0000000085900000|  0%| F|  |TAMS 0x0000000085800000| PB 0x0000000085800000| Untracked |  0
|  49|0x0000000085900000, 0x0000000085900000, 0x0000000085a00000|  0%| F|  |TAMS 0x0000000085900000| PB 0x0000000085900000| Untracked |  0
|  50|0x0000000085a00000, 0x0000000085a00000, 0x0000000085b00000|  0%| F|  |TAMS 0x0000000085a00000| PB 0x0000000085a00000| Untracked |  0
|  51|0x0000000085b00000, 0x0000000085b00000, 0x0000000085c00000|  0%| F|  |TAMS 0x0000000085b00000| PB 0x0000000085b00000| Untracked |  0
|  52|0x0000000085c00000, 0x0000000085c00000, 0x0000000085d00000|  0%| F|  |TAMS 0x0000000085c00000| PB 0x0000000085c00000| Untracked |  0
|  53|0x0000000085d00000, 0x0000000085d00000, 0x0000000085e00000|  0%| F|  |TAMS 0x0000000085d00000| PB 0x0000000085d00000| Untracked |  0
|  54|0x0000000085e00000, 0x0000000085e00000, 0x0000000085f00000|  0%| F|  |TAMS 0x0000000085e00000| PB 0x0000000085e00000| Untracked |  0
|  55|0x0000000085f00000, 0x0000000085f00000, 0x0000000086000000|  0%| F|  |TAMS 0x0000000085f00000| PB 0x0000000085f00000| Untracked |  0
|  56|0x0000000086000000, 0x0000000086000000, 0x0000000086100000|  0%| F|  |TAMS 0x0000000086000000| PB 0x0000000086000000| Untracked |  0
|  57|0x0000000086100000, 0x0000000086100000, 0x0000000086200000|  0%| F|  |TAMS 0x0000000086100000| PB 0x0000000086100000| Untracked |  0
|  58|0x0000000086200000, 0x0000000086200000, 0x0000000086300000|  0%| F|  |TAMS 0x0000000086200000| PB 0x0000000086200000| Untracked |  0
|  59|0x0000000086300000, 0x0000000086300000, 0x0000000086400000|  0%| F|  |TAMS 0x0000000086300000| PB 0x0000000086300000| Untracked |  0
|  60|0x0000000086400000, 0x0000000086400000, 0x0000000086500000|  0%| F|  |TAMS 0x0000000086400000| PB 0x0000000086400000| Untracked |  0
|  61|0x0000000086500000, 0x0000000086500000, 0x0000000086600000|  0%| F|  |TAMS 0x0000000086500000| PB 0x0000000086500000| Untracked |  0
|  62|0x0000000086600000, 0x0000000086600000, 0x0000000086700000|  0%| F|  |TAMS 0x0000000086600000| PB 0x0000000086600000| Untracked |  0
|  63|0x0000000086700000, 0x0000000086700000, 0x0000000086800000|  0%| F|  |TAMS 0x0000000086700000| PB 0x0000000086700000| Untracked |  0
|  64|0x0000000086800000, 0x0000000086800000, 0x0000000086900000|  0%| F|  |TAMS 0x0000000086800000| PB 0x0000000086800000| Untracked |  0
|  65|0x0000000086900000, 0x0000000086900000, 0x0000000086a00000|  0%| F|  |TAMS 0x0000000086900000| PB 0x0000000086900000| Untracked |  0
|  66|0x0000000086a00000, 0x0000000086a00000, 0x0000000086b00000|  0%| F|  |TAMS 0x0000000086a00000| PB 0x0000000086a00000| Untracked |  0
|  67|0x0000000086b00000, 0x0000000086b00000, 0x0000000086c00000|  0%| F|  |TAMS 0x0000000086b00000| PB 0x0000000086b00000| Untracked |  0
|  68|0x0000000086c00000, 0x0000000086c00000, 0x0000000086d00000|  0%| F|  |TAMS 0x0000000086c00000| PB 0x0000000086c00000| Untracked |  0
|  69|0x0000000086d00000, 0x0000000086d00000, 0x0000000086e00000|  0%| F|  |TAMS 0x0000000086d00000| PB 0x0000000086d00000| Untracked |  0
|  70|0x0000000086e00000, 0x0000000086e00000, 0x0000000086f00000|  0%| F|  |TAMS 0x0000000086e00000| PB 0x0000000086e00000| Untracked |  0
|  71|0x0000000086f00000, 0x0000000086f00000, 0x0000000087000000|  0%| F|  |TAMS 0x0000000086f00000| PB 0x0000000086f00000| Untracked |  0
|  72|0x0000000087000000, 0x0000000087000000, 0x0000000087100000|  0%| F|  |TAMS 0x0000000087000000| PB 0x0000000087000000| Untracked |  0
|  73|0x0000000087100000, 0x0000000087100000, 0x0000000087200000|  0%| F|  |TAMS 0x0000000087100000| PB 0x0000000087100000| Untracked |  0
|  74|0x0000000087200000, 0x0000000087200000, 0x0000000087300000|  0%| F|  |TAMS 0x0000000087200000| PB 0x0000000087200000| Untracked |  0
|  75|0x0000000087300000, 0x0000000087300000, 0x0000000087400000|  0%| F|  |TAMS 0x0000000087300000| PB 0x0000000087300000| Untracked |  0
|  76|0x0000000087400000, 0x0000000087400000, 0x0000000087500000|  0%| F|  |TAMS 0x0000000087400000| PB 0x0000000087400000| Untracked |  0
|  77|0x0000000087500000, 0x0000000087500000, 0x0000000087600000|  0%| F|  |TAMS 0x0000000087500000| PB 0x0000000087500000| Untracked |  0
|  78|0x0000000087600000, 0x0000000087600000, 0x0000000087700000|  0%| F|  |TAMS 0x0000000087600000| PB 0x0000000087600000| Untracked |  0
|  79|0x0000000087700000, 0x0000000087700000, 0x0000000087800000|  0%| F|  |TAMS 0x0000000087700000| PB 0x0000000087700000| Untracked |  0
|  80|0x0000000087800000, 0x0000000087800000, 0x0000000087900000|  0%| F|  |TAMS 0x0000000087800000| PB 0x0000000087800000| Untracked |  0
|  81|0x0000000087900000, 0x0000000087900000, 0x0000000087a00000|  0%| F|  |TAMS 0x0000000087900000| PB 0x0000000087900000| Untracked |  0
|  82|0x0000000087a00000, 0x0000000087a00000, 0x0000000087b00000|  0%| F|  |TAMS 0x0000000087a00000| PB 0x0000000087a00000| Untracked |  0
|  83|0x0000000087b00000, 0x0000000087b00000, 0x0000000087c00000|  0%| F|  |TAMS 0x0000000087b00000| PB 0x0000000087b00000| Untracked |  0
|  84|0x0000000087c00000, 0x0000000087c00000, 0x0000000087d00000|  0%| F|  |TAMS 0x0000000087c00000| PB 0x0000000087c00000| Untracked |  0
|  85|0x0000000087d00000, 0x0000000087d00000, 0x0000000087e00000|  0%| F|  |TAMS 0x0000000087d00000| PB 0x0000000087d00000| Untracked |  0
|  86|0x0000000087e00000, 0x0000000087e00000, 0x0000000087f00000|  0%| F|  |TAMS 0x0000000087e00000| PB 0x0000000087e00000| Untracked |  0
|  87|0x0000000087f00000, 0x0000000087f00000, 0x0000000088000000|  0%| F|  |TAMS 0x0000000087f00000| PB 0x0000000087f00000| Untracked |  0
|  88|0x0000000088000000, 0x0000000088000000, 0x0000000088100000|  0%| F|  |TAMS 0x0000000088000000| PB 0x0000000088000000| Untracked |  0
|  89|0x0000000088100000, 0x0000000088100000, 0x0000000088200000|  0%| F|  |TAMS 0x0000000088100000| PB 0x0000000088100000| Untracked |  0
|  90|0x0000000088200000, 0x0000000088200000, 0x0000000088300000|  0%| F|  |TAMS 0x0000000088200000| PB 0x0000000088200000| Untracked |  0
|  91|0x0000000088300000, 0x0000000088300000, 0x0000000088400000|  0%| F|  |TAMS 0x0000000088300000| PB 0x0000000088300000| Untracked |  0
|  92|0x0000000088400000, 0x0000000088400000, 0x0000000088500000|  0%| F|  |TAMS 0x0000000088400000| PB 0x0000000088400000| Untracked |  0
|  93|0x0000000088500000, 0x0000000088500000, 0x0000000088600000|  0%| F|  |TAMS 0x0000000088500000| PB 0x0000000088500000| Untracked |  0
|  94|0x0000000088600000, 0x0000000088600000, 0x0000000088700000|  0%| F|  |TAMS 0x0000000088600000| PB 0x0000000088600000| Untracked |  0
|  95|0x0000000088700000, 0x0000000088700000, 0x0000000088800000|  0%| F|  |TAMS 0x0000000088700000| PB 0x0000000088700000| Untracked |  0
|  96|0x0000000088800000, 0x0000000088800000, 0x0000000088900000|  0%| F|  |TAMS 0x0000000088800000| PB 0x0000000088800000| Untracked |  0
|  97|0x0000000088900000, 0x0000000088900000, 0x0000000088a00000|  0%| F|  |TAMS 0x0000000088900000| PB 0x0000000088900000| Untracked |  0
|  98|0x0000000088a00000, 0x0000000088a00000, 0x0000000088b00000|  0%| F|  |TAMS 0x0000000088a00000| PB 0x0000000088a00000| Untracked |  0
|  99|0x0000000088b00000, 0x0000000088b00000, 0x0000000088c00000|  0%| F|  |TAMS 0x0000000088b00000| PB 0x0000000088b00000| Untracked |  0
| 100|0x0000000088c00000, 0x0000000088c00000, 0x0000000088d00000|  0%| F|  |TAMS 0x0000000088c00000| PB 0x0000000088c00000| Untracked |  0
| 101|0x0000000088d00000, 0x0000000088d00000, 0x0000000088e00000|  0%| F|  |TAMS 0x0000000088d00000| PB 0x0000000088d00000| Untracked |  0
| 102|0x0000000088e00000, 0x0000000088e00000, 0x0000000088f00000|  0%| F|  |TAMS 0x0000000088e00000| PB 0x0000000088e00000| Untracked |  0
| 103|0x0000000088f00000, 0x0000000088f00000, 0x0000000089000000|  0%| F|  |TAMS 0x0000000088f00000| PB 0x0000000088f00000| Untracked |  0
| 104|0x0000000089000000, 0x0000000089000000, 0x0000000089100000|  0%| F|  |TAMS 0x0000000089000000| PB 0x0000000089000000| Untracked |  0
| 105|0x0000000089100000, 0x0000000089100000, 0x0000000089200000|  0%| F|  |TAMS 0x0000000089100000| PB 0x0000000089100000| Untracked |  0
| 106|0x0000000089200000, 0x0000000089200000, 0x0000000089300000|  0%| F|  |TAMS 0x0000000089200000| PB 0x0000000089200000| Untracked |  0
| 107|0x0000000089300000, 0x0000000089300000, 0x0000000089400000|  0%| F|  |TAMS 0x0000000089300000| PB 0x0000000089300000| Untracked |  0
| 108|0x0000000089400000, 0x00000000894982e0, 0x0000000089500000| 59%| S|CS|TAMS 0x0000000089400000| PB 0x0000000089400000| Complete |  0
| 109|0x0000000089500000, 0x0000000089500000, 0x0000000089600000|  0%| F|  |TAMS 0x0000000089500000| PB 0x0000000089500000| Untracked |  0
| 110|0x0000000089600000, 0x0000000089600000, 0x0000000089700000|  0%| F|  |TAMS 0x0000000089600000| PB 0x0000000089600000| Untracked |  0
| 111|0x0000000089700000, 0x0000000089700000, 0x0000000089800000|  0%| F|  |TAMS 0x0000000089700000| PB 0x0000000089700000| Untracked |  0
| 112|0x0000000089800000, 0x0000000089800000, 0x0000000089900000|  0%| F|  |TAMS 0x0000000089800000| PB 0x0000000089800000| Untracked |  0
| 113|0x0000000089900000, 0x0000000089900000, 0x0000000089a00000|  0%| F|  |TAMS 0x0000000089900000| PB 0x0000000089900000| Untracked |  0
| 114|0x0000000089a00000, 0x0000000089a00000, 0x0000000089b00000|  0%| F|  |TAMS 0x0000000089a00000| PB 0x0000000089a00000| Untracked |  0
| 115|0x0000000089b00000, 0x0000000089b00000, 0x0000000089c00000|  0%| F|  |TAMS 0x0000000089b00000| PB 0x0000000089b00000| Untracked |  0
| 116|0x0000000089c00000, 0x0000000089c00000, 0x0000000089d00000|  0%| F|  |TAMS 0x0000000089c00000| PB 0x0000000089c00000| Untracked |  0
| 117|0x0000000089d00000, 0x0000000089d00000, 0x0000000089e00000|  0%| F|  |TAMS 0x0000000089d00000| PB 0x0000000089d00000| Untracked |  0
| 118|0x0000000089e00000, 0x0000000089e00000, 0x0000000089f00000|  0%| F|  |TAMS 0x0000000089e00000| PB 0x0000000089e00000| Untracked |  0
| 119|0x0000000089f00000, 0x0000000089f00000, 0x000000008a000000|  0%| F|  |TAMS 0x0000000089f00000| PB 0x0000000089f00000| Untracked |  0
| 120|0x000000008a000000, 0x000000008a000000, 0x000000008a100000|  0%| F|  |TAMS 0x000000008a000000| PB 0x000000008a000000| Untracked |  0
| 121|0x000000008a100000, 0x000000008a100000, 0x000000008a200000|  0%| F|  |TAMS 0x000000008a100000| PB 0x000000008a100000| Untracked |  0
| 122|0x000000008a200000, 0x000000008a200000, 0x000000008a300000|  0%| F|  |TAMS 0x000000008a200000| PB 0x000000008a200000| Untracked |  0
| 123|0x000000008a300000, 0x000000008a300000, 0x000000008a400000|  0%| F|  |TAMS 0x000000008a300000| PB 0x000000008a300000| Untracked |  0
| 124|0x000000008a400000, 0x000000008a400000, 0x000000008a500000|  0%| F|  |TAMS 0x000000008a400000| PB 0x000000008a400000| Untracked |  0
| 125|0x000000008a500000, 0x000000008a5f74e8, 0x000000008a600000| 96%| E|  |TAMS 0x000000008a500000| PB 0x000000008a500000| Complete |  0

Card table byte_map: [0x000001db34210000,0x000001db34600000] _byte_map_base: 0x000001db33dfc000

Marking Bits: (CMBitMap*) 0x000001db1cb52ef0
 Bits: [0x000001db34600000, 0x000001db36560000)

Polling page: 0x000001db1ac40000

Metaspace:

Usage:
  Non-class:      9.88 MB used.
      Class:      1.27 MB used.
       Both:     11.15 MB used.

Virtual space:
  Non-class space:       64.00 MB reserved,      10.00 MB ( 16%) committed,  1 nodes.
      Class space:        1.00 GB reserved,       1.38 MB ( <1%) committed,  1 nodes.
             Both:        1.06 GB reserved,      11.38 MB (  1%) committed. 

Chunk freelists:
   Non-Class:  6.04 MB
       Class:  14.59 MB
        Both:  20.62 MB

MaxMetaspaceSize: unlimited
CompressedClassSpaceSize: 1.00 GB
Initial GC threshold: 21.00 MB
Current GC threshold: 21.00 MB
CDS: on
 - commit_granule_bytes: 65536.
 - commit_granule_words: 8192.
 - virtual_space_node_default_size: 8388608.
 - enlarge_chunks_in_place: 1.
 - use_allocation_guard: 0.


Internal statistics:

num_allocs_failed_limit: 0.
num_arena_births: 174.
num_arena_deaths: 0.
num_vsnodes_births: 2.
num_vsnodes_deaths: 0.
num_space_committed: 182.
num_space_uncommitted: 0.
num_chunks_returned_to_freelist: 0.
num_chunks_taken_from_freelist: 248.
num_chunk_merges: 0.
num_chunk_splits: 143.
num_chunks_enlarged: 56.
num_inconsistent_stats: 0.

CodeHeap 'non-profiled nmethods': size=120000Kb used=925Kb max_used=925Kb free=119074Kb
 bounds [0x000001db2c8f0000, 0x000001db2cb60000, 0x000001db33e20000]
CodeHeap 'profiled nmethods': size=120000Kb used=4718Kb max_used=4718Kb free=115281Kb
 bounds [0x000001db24e20000, 0x000001db252c0000, 0x000001db2c350000]
CodeHeap 'non-nmethods': size=5760Kb used=1613Kb max_used=1665Kb free=4146Kb
 bounds [0x000001db2c350000, 0x000001db2c5c0000, 0x000001db2c8f0000]
 total_blobs=3203 nmethods=2535 adapters=571
 compilation: enabled
              stopped_count=0, restarted_count=0
 full_count=0

Compilation events (20 events):
Event: 438107.945 Thread 0x000001db38bb1ae0 nmethod 2527 0x000001db252b5190 code [0x000001db252b5520, 0x000001db252b7aa0]
Event: 438107.947 Thread 0x000001db38bb1ae0 2528       3       java.util.IdentityHashMap$IdentityHashMapIterator::<init> (63 bytes)
Event: 438107.950 Thread 0x000001db38bb1ae0 nmethod 2528 0x000001db252b8210 code [0x000001db252b83c0, 0x000001db252b8660]
Event: 438107.989 Thread 0x000001db38bae400 2529       4       java.util.IdentityHashMap$IdentityHashMapIterator::hasNext (50 bytes)
Event: 438107.995 Thread 0x000001db38bae400 nmethod 2529 0x000001db2c9d5c10 code [0x000001db2c9d5da0, 0x000001db2c9d5fc8]
Event: 506204.965 Thread 0x000001db38bae400 2530       4       sun.awt.AWTAutoShutdown::notifyToolkitThreadBusy (8 bytes)
Event: 506204.991 Thread 0x000001db38bae400 nmethod 2530 0x000001db2c9d6110 code [0x000001db2c9d62e0, 0x000001db2c9d6868]
Event: 506204.991 Thread 0x000001db38bae400 2531       4       sun.awt.AWTAutoShutdown::notifyToolkitThreadFree (8 bytes)
Event: 506204.996 Thread 0x000001db38bae400 nmethod 2531 0x000001db2c9d6b90 code [0x000001db2c9d6d60, 0x000001db2c9d72a0]
Event: 512008.268 Thread 0x000001db38bb1ae0 2532       3       java.lang.invoke.Invokers$Holder::linkToTargetMethod (10 bytes)
Event: 512008.296 Thread 0x000001db38bb1ae0 nmethod 2532 0x000001db252b8790 code [0x000001db252b8940, 0x000001db252b8d68]
Event: 536689.294 Thread 0x000001db38bb1ae0 2533       3       java.util.ComparableTimSort::countRunAndMakeAscending (123 bytes)
Event: 536689.312 Thread 0x000001db38bb1ae0 nmethod 2533 0x000001db252b8e90 code [0x000001db252b90c0, 0x000001db252b9aa0]
Event: 536689.312 Thread 0x000001db38bb1ae0 2535       3       java.util.ComparableTimSort::mergeCollapse (134 bytes)
Event: 536689.313 Thread 0x000001db38bb1ae0 nmethod 2535 0x000001db252b9d90 code [0x000001db252b9f80, 0x000001db252ba450]
Event: 536689.313 Thread 0x000001db38bb1ae0 2534       3       java.util.ComparableTimSort::pushRun (31 bytes)
Event: 536689.313 Thread 0x000001db38bb1ae0 nmethod 2534 0x000001db252ba690 code [0x000001db252ba820, 0x000001db252ba988]
Event: 597618.549 Thread 0x000001db38bb1ae0 2537  s    3       sun.java2d.loops.GraphicsPrimitiveMgr::locatePrim (95 bytes)
Event: 597618.560 Thread 0x000001db38bb1ae0 nmethod 2537 0x000001db252baa90 code [0x000001db252baca0, 0x000001db252bb500]
Event: 597618.563 Thread 0x000001db38bae400 2536       4       sun.java2d.loops.GraphicsPrimitiveMgr::locate (104 bytes)

GC Heap History (4 events):
Event: 0.738 GC heap before
{Heap before GC invocations=0 (full 0):
 garbage-first heap   total reserved 2056192K, committed 129024K, used 17408K [0x0000000082800000, 0x0000000100000000)
  region size 1024K, 14 young (14336K), 0 survivors (0K)
 Metaspace       used 9914K, committed 10176K, reserved 1114112K
  class space    used 1211K, committed 1344K, reserved 1048576K
}
Event: 0.743 GC heap after
{Heap after GC invocations=1 (full 0):
 garbage-first heap   total reserved 2056192K, committed 129024K, used 7360K [0x0000000082800000, 0x0000000100000000)
  region size 1024K, 2 young (2048K), 2 survivors (2048K)
 Metaspace       used 9914K, committed 10176K, reserved 1114112K
  class space    used 1211K, committed 1344K, reserved 1048576K
}
Event: 438107.462 GC heap before
{Heap before GC invocations=1 (full 0):
 garbage-first heap   total reserved 2056192K, committed 129024K, used 22720K [0x0000000082800000, 0x0000000100000000)
  region size 1024K, 17 young (17408K), 2 survivors (2048K)
 Metaspace       used 11407K, committed 11648K, reserved 1114112K
  class space    used 1303K, committed 1408K, reserved 1048576K
}
Event: 438107.905 GC heap after
{Heap after GC invocations=2 (full 0):
 garbage-first heap   total reserved 2056192K, committed 129024K, used 8078K [0x0000000082800000, 0x0000000100000000)
  region size 1024K, 1 young (1024K), 1 survivors (1024K)
 Metaspace       used 11407K, committed 11648K, reserved 1114112K
  class space    used 1303K, committed 1408K, reserved 1048576K
}

Dll operation events (10 events):
Event: 0.010 Loaded shared library C:\Program Files\Java\jdk-22\bin\java.dll
Event: 0.036 Loaded shared library C:\Program Files\Java\jdk-22\bin\jsvml.dll
Event: 0.062 Loaded shared library C:\Program Files\Java\jdk-22\bin\net.dll
Event: 0.064 Loaded shared library C:\Program Files\Java\jdk-22\bin\nio.dll
Event: 0.087 Loaded shared library C:\Program Files\Java\jdk-22\bin\zip.dll
Event: 0.098 Loaded shared library C:\Program Files\Java\jdk-22\bin\jimage.dll
Event: 0.109 Loaded shared library C:\Program Files\Java\jdk-22\bin\awt.dll
Event: 0.259 Loaded shared library C:\Program Files\Java\jdk-22\bin\verify.dll
Event: 0.353 Loaded shared library C:\Program Files\Java\jdk-22\bin\freetype.dll
Event: 0.354 Loaded shared library C:\Program Files\Java\jdk-22\bin\fontmanager.dll

Deoptimization events (20 events):
Event: 247132.936 Thread 0x000001db38ef3cd0 Uncommon trap: trap_request=0xffffffbe fr.pc=0x000001db2c9cf208 relative=0x0000000000000268
Event: 247132.939 Thread 0x000001db38ef3cd0 Uncommon trap: reason=profile_predicate action=maybe_recompile pc=0x000001db2c9cf208 method=java.util.HashMap.keysToArray([Ljava/lang/Object;)[Ljava/lang/Object; @ 48 c2
Event: 247132.939 Thread 0x000001db38ef3cd0 DEOPT PACKING pc=0x000001db2c9cf208 sp=0x00000067e68fe400
Event: 247132.957 Thread 0x000001db38ef3cd0 DEOPT UNPACKING pc=0x000001db2c3a46a2 sp=0x00000067e68fe3b8 mode 2
Event: 247139.878 Thread 0x000001db38ef3cd0 Uncommon trap: trap_request=0xffffffd6 fr.pc=0x000001db2c9cfff8 relative=0x00000000000004b8
Event: 247139.879 Thread 0x000001db38ef3cd0 Uncommon trap: reason=array_check action=maybe_recompile pc=0x000001db2c9cfff8 method=java.util.HashMap.keysToArray([Ljava/lang/Object;)[Ljava/lang/Object; @ 62 c2
Event: 247139.879 Thread 0x000001db38ef3cd0 DEOPT PACKING pc=0x000001db2c9cfff8 sp=0x00000067e68fe410
Event: 247139.879 Thread 0x000001db38ef3cd0 DEOPT UNPACKING pc=0x000001db2c3a46a2 sp=0x00000067e68fe3a8 mode 2
Event: 255652.549 Thread 0x000001db38ef3cd0 Uncommon trap: trap_request=0xffffffd6 fr.pc=0x000001db2c9cfff8 relative=0x00000000000004b8
Event: 255652.550 Thread 0x000001db38ef3cd0 Uncommon trap: reason=array_check action=maybe_recompile pc=0x000001db2c9cfff8 method=java.util.HashMap.keysToArray([Ljava/lang/Object;)[Ljava/lang/Object; @ 62 c2
Event: 255652.550 Thread 0x000001db38ef3cd0 DEOPT PACKING pc=0x000001db2c9cfff8 sp=0x00000067e68fe3e0
Event: 255652.551 Thread 0x000001db38ef3cd0 DEOPT UNPACKING pc=0x000001db2c3a46a2 sp=0x00000067e68fe378 mode 2
Event: 255652.610 Thread 0x000001db38ef3cd0 Uncommon trap: trap_request=0xffffffd6 fr.pc=0x000001db2c9cfff8 relative=0x00000000000004b8
Event: 255652.610 Thread 0x000001db38ef3cd0 Uncommon trap: reason=array_check action=maybe_recompile pc=0x000001db2c9cfff8 method=java.util.HashMap.keysToArray([Ljava/lang/Object;)[Ljava/lang/Object; @ 62 c2
Event: 255652.610 Thread 0x000001db38ef3cd0 DEOPT PACKING pc=0x000001db2c9cfff8 sp=0x00000067e68fe3e0
Event: 255652.610 Thread 0x000001db38ef3cd0 DEOPT UNPACKING pc=0x000001db2c3a46a2 sp=0x00000067e68fe378 mode 2
Event: 260439.656 Thread 0x000001db38ef3cd0 Uncommon trap: trap_request=0xffffffd6 fr.pc=0x000001db2c9cfff8 relative=0x00000000000004b8
Event: 260439.656 Thread 0x000001db38ef3cd0 Uncommon trap: reason=array_check action=maybe_recompile pc=0x000001db2c9cfff8 method=java.util.HashMap.keysToArray([Ljava/lang/Object;)[Ljava/lang/Object; @ 62 c2
Event: 260439.674 Thread 0x000001db38ef3cd0 DEOPT PACKING pc=0x000001db2c9cfff8 sp=0x00000067e68fe3e0
Event: 260439.690 Thread 0x000001db38ef3cd0 DEOPT UNPACKING pc=0x000001db2c3a46a2 sp=0x00000067e68fe378 mode 2

Classes loaded (20 events):
Event: 23.473 Loading class javax/swing/plaf/BorderUIResource$LineBorderUIResource
Event: 23.473 Loading class javax/swing/plaf/BorderUIResource$LineBorderUIResource done
Event: 23.473 Loading class javax/swing/plaf/basic/BasicToolTipUI$PropertyChangeHandler
Event: 23.473 Loading class javax/swing/plaf/basic/BasicToolTipUI$PropertyChangeHandler done
Event: 34.730 Loading class java/awt/LightweightDispatcher$2
Event: 34.730 Loading class java/awt/LightweightDispatcher$2 done
Event: 35.397 Loading class java/awt/KeyboardFocusManager$2
Event: 35.397 Loading class java/awt/KeyboardFocusManager$2 done
Event: 35.397 Loading class sun/awt/SunToolkit$1
Event: 35.398 Loading class sun/awt/SunToolkit$1 done
Event: 9425.507 Loading class java/awt/desktop/SystemSleepListener
Event: 9425.518 Loading class java/awt/desktop/SystemEventListener
Event: 9425.521 Loading class java/awt/desktop/SystemEventListener done
Event: 9425.521 Loading class java/awt/desktop/SystemSleepListener done
Event: 247130.464 Loading class java/util/WeakHashMap$KeyIterator
Event: 247130.577 Loading class java/util/WeakHashMap$HashIterator
Event: 247130.654 Loading class java/util/WeakHashMap$HashIterator done
Event: 247130.658 Loading class java/util/WeakHashMap$KeyIterator done
Event: 247131.273 Loading class javax/swing/RepaintManager$DisplayChangedRunnable
Event: 247131.294 Loading class javax/swing/RepaintManager$DisplayChangedRunnable done

Classes unloaded (0 events):
No events

Classes redefined (0 events):
No events

Internal exceptions (17 events):
Event: 0.065 Thread 0x000001db1a9f2190 Exception <a 'sun/nio/fs/WindowsException'{0x000000008a4bc458}> (0x000000008a4bc458) 
thrown [s\open\src\hotspot\share\prims\jni.cpp, line 520]
Event: 0.066 Thread 0x000001db1a9f2190 Exception <a 'sun/nio/fs/WindowsException'{0x000000008a4be9f0}> (0x000000008a4be9f0) 
thrown [s\open\src\hotspot\share\prims\jni.cpp, line 520]
Event: 0.066 Thread 0x000001db1a9f2190 Exception <a 'sun/nio/fs/WindowsException'{0x000000008a4bf508}> (0x000000008a4bf508) 
thrown [s\open\src\hotspot\share\prims\jni.cpp, line 520]
Event: 0.102 Thread 0x000001db1a9f2190 Exception <a 'java/lang/ClassNotFoundException'{0x000000008a374358}: sun/awt/resources/spi/awtProvider> (0x000000008a374358) 
thrown [s\open\src\hotspot\share\classfile\systemDictionary.cpp, line 313]
Event: 0.119 Thread 0x000001db1a9f2190 Exception <a 'java/io/FileNotFoundException'{0x000000008a3c8220}> (0x000000008a3c8220) 
thrown [s\open\src\hotspot\share\prims\jni.cpp, line 520]
Event: 0.124 Thread 0x000001db1a9f2190 Exception <a 'java/io/FileNotFoundException'{0x000000008a3f66b8}> (0x000000008a3f66b8) 
thrown [s\open\src\hotspot\share\prims\jni.cpp, line 520]
Event: 0.198 Thread 0x000001db1a9f2190 Exception <a 'java/lang/NoSuchMethodError'{0x000000008a28f248}: 'void java.lang.invoke.DirectMethodHandle$Holder.invokeSpecial(java.lang.Object, java.lang.Object, java.lang.Object)'> (0x000000008a28f248) 
thrown [s\open\src\hotspot\share\interpreter\linkResolver.cpp, line 774]
Event: 0.206 Thread 0x000001db1a9f2190 Exception <a 'java/lang/NoSuchMethodError'{0x000000008a125f30}: 'java.lang.Object java.lang.invoke.DirectMethodHandle$Holder.newInvokeSpecial(java.lang.Object, java.lang.Object, java.lang.Object, java.lang.Object, java.lang.Object)'> (0x000000008a125f30) 
thrown [s\open\src\hotspot\share\interpreter\linkResolver.cpp, line 774]
Event: 0.211 Thread 0x000001db1a9f2190 Exception <a 'java/lang/NoSuchMethodError'{0x000000008a152db0}: 'java.lang.Object java.lang.invoke.DirectMethodHandle$Holder.invokeStatic(java.lang.Object, int, java.lang.Object)'> (0x000000008a152db0) 
thrown [s\open\src\hotspot\share\interpreter\linkResolver.cpp, line 774]
Event: 0.226 Thread 0x000001db1a9f2190 Exception <a 'java/lang/ClassNotFoundException'{0x000000008a1f4ae8}: com/sun/swing/internal/plaf/metal/resources/spi/metalProvider> (0x000000008a1f4ae8) 
thrown [s\open\src\hotspot\share\classfile\systemDictionary.cpp, line 313]
Event: 0.227 Thread 0x000001db1a9f2190 Exception <a 'java/lang/ClassNotFoundException'{0x000000008a1f8a98}: com/sun/swing/internal/plaf/basic/resources/spi/basicProvider> (0x000000008a1f8a98) 
thrown [s\open\src\hotspot\share\classfile\systemDictionary.cpp, line 313]
Event: 0.235 Thread 0x000001db1a9f2190 Exception <a 'java/lang/NoSuchMethodError'{0x000000008a018460}: 'int java.lang.invoke.Invokers$Holder.invokeExact_MT(java.lang.Object, java.lang.Object)'> (0x000000008a018460) 
thrown [s\open\src\hotspot\share\interpreter\linkResolver.cpp, line 774]
Event: 0.485 Thread 0x000001db7f458e60 Exception <a 'java/lang/NoSuchMethodError'{0x0000000089c5b7f8}: 'java.lang.Object java.lang.invoke.DirectMethodHandle$Holder.newInvokeSpecial(java.lang.Object, java.lang.Object, java.lang.Object, int, int, int, int, int)'> (0x0000000089c5b7f8) 
thrown [s\open\src\hotspot\share\interpreter\linkResolver.cpp, line 774]
Event: 0.499 Thread 0x000001db38ef3cd0 Exception <a 'java/lang/NoSuchMethodError'{0x000000008a2e5ac8}: 'void java.lang.invoke.DirectMethodHandle$Holder.invokeVirtual(java.lang.Object, java.lang.Object)'> (0x000000008a2e5ac8) 
thrown [s\open\src\hotspot\share\interpreter\linkResolver.cpp, line 774]
Event: 0.509 Thread 0x000001db1a9f2190 Exception <a 'java/lang/NoSuchMethodError'{0x0000000089c9c9f8}: 'void java.lang.invoke.DirectMethodHandle$Holder.invokeStaticInit(java.lang.Object)'> (0x0000000089c9c9f8) 
thrown [s\open\src\hotspot\share\interpreter\linkResolver.cpp, line 774]
Event: 3.302 Thread 0x000001db7f5a9440 Exception <a 'java/lang/NoSuchMethodError'{0x0000000089f285e8}: 'void java.lang.invoke.DirectMethodHandle$Holder.invokeStatic(java.lang.Object, java.lang.Object)'> (0x0000000089f285e8) 
thrown [s\open\src\hotspot\share\interpreter\linkResolver.cpp, line 774]
Event: 21.214 Thread 0x000001db7f5a9440 Implicit null exception at 0x000001db2c9a7b21 to 0x000001db2c9a8b40

ZGC Phase Switch (0 events):
No events

VM Operations (20 events):
Event: 247133.263 Executing VM operation: Cleanup
Event: 247133.264 Executing VM operation: Cleanup done
Event: 257371.136 Executing VM operation: HandshakeAllThreads (HandshakeForDeflation)
Event: 257371.144 Executing VM operation: HandshakeAllThreads (HandshakeForDeflation) done
Event: 257371.168 Executing VM operation: RendezvousGCThreads
Event: 257371.169 Executing VM operation: RendezvousGCThreads done
Event: 355710.063 Executing VM operation: HandshakeAllThreads (HandshakeForDeflation)
Event: 355710.069 Executing VM operation: HandshakeAllThreads (HandshakeForDeflation) done
Event: 355710.084 Executing VM operation: RendezvousGCThreads
Event: 355710.084 Executing VM operation: RendezvousGCThreads done
Event: 363323.965 Executing VM operation: Cleanup
Event: 363323.966 Executing VM operation: Cleanup done
Event: 438107.453 Executing VM operation: G1CollectForAllocation (G1 Evacuation Pause)
Event: 438107.906 Executing VM operation: G1CollectForAllocation (G1 Evacuation Pause) done
Event: 438108.919 Executing VM operation: Cleanup
Event: 438108.919 Executing VM operation: Cleanup done
Event: 440837.301 Executing VM operation: HandshakeAllThreads (HandshakeForDeflation)
Event: 440837.301 Executing VM operation: HandshakeAllThreads (HandshakeForDeflation) done
Event: 440837.301 Executing VM operation: RendezvousGCThreads
Event: 440837.301 Executing VM operation: RendezvousGCThreads done

Memory protections (0 events):
No events

Nmethod flushes (0 events):
No events

Events (20 events):
Event: 0.033 Thread 0x000001db1a9f2190 Thread added: 0x000001db38a8e1d0
Event: 0.034 Thread 0x000001db1a9f2190 Thread added: 0x000001db38b9ac30
Event: 0.034 Thread 0x000001db1a9f2190 Thread added: 0x000001db38b9b690
Event: 0.034 Thread 0x000001db1a9f2190 Thread added: 0x000001db38b9c0f0
Event: 0.034 Thread 0x000001db1a9f2190 Thread added: 0x000001db38b9cc80
Event: 0.034 Thread 0x000001db1a9f2190 Thread added: 0x000001db38bae400
Event: 0.034 Thread 0x000001db1a9f2190 Thread added: 0x000001db38bb1ae0
Event: 0.054 Thread 0x000001db1a9f2190 Thread added: 0x000001db38cc28a0
Event: 0.082 Thread 0x000001db1a9f2190 Thread added: 0x000001db38dd3a80
Event: 0.163 Thread 0x000001db1a9f2190 Thread added: 0x000001db38ee6e60
Event: 0.165 Thread 0x000001db1a9f2190 Thread added: 0x000001db38ef0ba0
Event: 0.166 Thread 0x000001db1a9f2190 Thread added: 0x000001db38ef3cd0
Event: 0.339 Thread 0x000001db38bb1ae0 Thread added: 0x000001db7f04eef0
Event: 0.389 Thread 0x000001db1a9f2190 Thread added: 0x000001db7f5a9440
Event: 0.476 Thread 0x000001db1a9f2190 Thread added: 0x000001db7f458e60
Event: 0.551 Thread 0x000001db1a9f2190 Thread exited: 0x000001db1a9f2190
Event: 0.551 Thread 0x000001db1a9f2190 Thread added: 0x000001db1a9f2190
Event: 0.860 Thread 0x000001db7f5a9440 Thread added: 0x000001db00626730
Event: 1.371 Thread 0x000001db7f04eef0 Thread exited: 0x000001db7f04eef0
Event: 5.494 Thread 0x000001db7f458e60 Thread exited: 0x000001db7f458e60


Dynamic libraries:
0x00007ff6d2580000 - 0x00007ff6d2590000 	C:\Program Files\Java\jdk-22\bin\java.exe
0x00007ffff7930000 - 0x00007ffff7b47000 	C:\WINDOWS\SYSTEM32\ntdll.dll
0x00007ffff69b0000 - 0x00007ffff6a74000 	C:\WINDOWS\System32\KERNEL32.DLL
0x00007ffff50d0000 - 0x00007ffff547d000 	C:\WINDOWS\System32\KERNELBASE.dll
0x00007ffff1ce0000 - 0x00007ffff1d77000 	C:\WINDOWS\SYSTEM32\apphelp.dll
0x00007ffff4e60000 - 0x00007ffff4f71000 	C:\WINDOWS\System32\ucrtbase.dll
0x00007fffde800000 - 0x00007fffde817000 	C:\Program Files\Java\jdk-22\bin\jli.dll
0x00007fffeac60000 - 0x00007fffeac7b000 	C:\Program Files\Java\jdk-22\bin\VCRUNTIME140.dll
0x00007ffff7700000 - 0x00007ffff78ae000 	C:\WINDOWS\System32\USER32.dll
0x00007ffff4f80000 - 0x00007ffff4fa6000 	C:\WINDOWS\System32\win32u.dll
0x00007ffff5df0000 - 0x00007ffff5e19000 	C:\WINDOWS\System32\GDI32.dll
0x00007fffd2bc0000 - 0x00007fffd2e53000 	C:\WINDOWS\WinSxS\amd64_microsoft.windows.common-controls_6595b64144ccf1df_6.0.22621.3672_none_2713b9d173822955\COMCTL32.dll
0x00007ffff4fb0000 - 0x00007ffff50c9000 	C:\WINDOWS\System32\gdi32full.dll
0x00007ffff6a80000 - 0x00007ffff6b27000 	C:\WINDOWS\System32\msvcrt.dll
0x00007ffff4c50000 - 0x00007ffff4cea000 	C:\WINDOWS\System32\msvcp_win.dll
0x00007ffff78b0000 - 0x00007ffff78e1000 	C:\WINDOWS\System32\IMM32.DLL
0x000000006b4a0000 - 0x000000006b4ac000 	C:\Program Files (x86)\360\Total Security\safemon\SafeWrapper.dll
0x00007ffff6d80000 - 0x00007ffff6e32000 	C:\WINDOWS\System32\ADVAPI32.dll
0x00007ffff5660000 - 0x00007ffff5709000 	C:\WINDOWS\System32\sechost.dll
0x00007ffff5630000 - 0x00007ffff5658000 	C:\WINDOWS\System32\bcrypt.dll
0x00007ffff6890000 - 0x00007ffff69a4000 	C:\WINDOWS\System32\RPCRT4.dll
0x00007fffbf360000 - 0x00007fffbf3f2000 	C:\Program Files (x86)\360\Total Security\safemon\libzdtp64.dll
0x00007ffff6e90000 - 0x00007ffff76f8000 	C:\WINDOWS\System32\SHELL32.dll
0x00007ffff5950000 - 0x00007ffff59ae000 	C:\WINDOWS\System32\SHLWAPI.dll
0x00007ffff4610000 - 0x00007ffff461a000 	C:\WINDOWS\SYSTEM32\VERSION.dll
0x00007fffeac80000 - 0x00007fffeac8c000 	C:\Program Files\Java\jdk-22\bin\vcruntime140_1.dll
0x00007fffbee80000 - 0x00007fffbef0e000 	C:\Program Files\Java\jdk-22\bin\msvcp140.dll
0x00007fff57e80000 - 0x00007fff58bc9000 	C:\Program Files\Java\jdk-22\bin\server\jvm.dll
0x00007ffff59b0000 - 0x00007ffff5a21000 	C:\WINDOWS\System32\WS2_32.dll
0x00007ffff4b10000 - 0x00007ffff4b5d000 	C:\WINDOWS\SYSTEM32\POWRPROF.dll
0x00007fffee240000 - 0x00007fffee274000 	C:\WINDOWS\SYSTEM32\WINMM.dll
0x00007ffff4af0000 - 0x00007ffff4b03000 	C:\WINDOWS\SYSTEM32\UMPDC.dll
0x00007ffff3c10000 - 0x00007ffff3c28000 	C:\WINDOWS\SYSTEM32\kernel.appcore.dll
0x00007fffeac50000 - 0x00007fffeac5a000 	C:\Program Files\Java\jdk-22\bin\jimage.dll
0x00007fffecec0000 - 0x00007fffed0f2000 	C:\WINDOWS\SYSTEM32\DBGHELP.DLL
0x00007ffff5a60000 - 0x00007ffff5ded000 	C:\WINDOWS\System32\combase.dll
0x00007ffff6ba0000 - 0x00007ffff6c77000 	C:\WINDOWS\System32\OLEAUT32.dll
0x00007fffece80000 - 0x00007fffeceb2000 	C:\WINDOWS\SYSTEM32\dbgcore.DLL
0x00007ffff54f0000 - 0x00007ffff556b000 	C:\WINDOWS\System32\bcryptPrimitives.dll
0x00007fffdbe90000 - 0x00007fffdbeae000 	C:\Program Files\Java\jdk-22\bin\java.dll
0x00007ffff5720000 - 0x00007ffff58c5000 	C:\WINDOWS\System32\ole32.dll
0x00007ffff2b30000 - 0x00007ffff342e000 	C:\WINDOWS\SYSTEM32\windows.storage.dll
0x00007ffff29f0000 - 0x00007ffff2b2f000 	C:\WINDOWS\SYSTEM32\wintypes.dll
0x00007ffff6150000 - 0x00007ffff6249000 	C:\WINDOWS\System32\SHCORE.dll
0x00007ffff4b80000 - 0x00007ffff4ba1000 	C:\WINDOWS\SYSTEM32\profapi.dll
0x00007fffbbb10000 - 0x00007fffbbbe7000 	C:\Program Files\Java\jdk-22\bin\jsvml.dll
0x00007fffdbe80000 - 0x00007fffdbe90000 	C:\Program Files\Java\jdk-22\bin\net.dll
0x00007ffff4080000 - 0x00007ffff40e9000 	C:\WINDOWS\system32\mswsock.dll
0x00007fffd9290000 - 0x00007fffd92a6000 	C:\Program Files\Java\jdk-22\bin\nio.dll
0x00007fffd91e0000 - 0x00007fffd91f7000 	C:\Program Files\Java\jdk-22\bin\zip.dll
0x00007fffbb980000 - 0x00007fffbbb0e000 	C:\Program Files\Java\jdk-22\bin\awt.dll
0x00007ffff2370000 - 0x00007ffff239b000 	C:\WINDOWS\system32\DWMAPI.DLL
0x00007ffff2100000 - 0x00007ffff21b0000 	C:\WINDOWS\system32\uxtheme.dll
0x00007fffd5400000 - 0x00007fffd5500000 	C:\WINDOWS\system32\opengl32.dll
0x00007fffeb820000 - 0x00007fffeb84d000 	C:\WINDOWS\SYSTEM32\GLU32.dll
0x00007ffff2310000 - 0x00007ffff2347000 	C:\WINDOWS\SYSTEM32\dxcore.dll
0x00007ffff5e20000 - 0x00007ffff5f7b000 	C:\WINDOWS\System32\MSCTF.dll
0x00007fffd9270000 - 0x00007fffd9280000 	C:\Program Files\Java\jdk-22\bin\verify.dll
0x00007fffbe910000 - 0x00007fffbe997000 	C:\Program Files\Java\jdk-22\bin\freetype.dll
0x00007fffbabf0000 - 0x00007fffbacc7000 	C:\Program Files\Java\jdk-22\bin\fontmanager.dll
0x00007ffff60a0000 - 0x00007ffff6150000 	C:\WINDOWS\System32\clbcatq.dll
0x00007ffff1f40000 - 0x00007ffff20f1000 	C:\WINDOWS\SYSTEM32\WindowsCodecs.dll
0x00007fffc95d0000 - 0x00007fffc962e000 	C:\WINDOWS\system32\dataexchange.dll
0x00007fffe7b50000 - 0x00007fffe7dda000 	C:\WINDOWS\system32\twinapi.appcore.dll
0x00007fffe12b0000 - 0x00007fffe13fe000 	C:\WINDOWS\SYSTEM32\textinputframework.dll
0x00007ffff1820000 - 0x00007ffff1953000 	C:\WINDOWS\SYSTEM32\CoreMessaging.dll
0x00007fffe8880000 - 0x00007fffe8bed000 	C:\WINDOWS\SYSTEM32\CoreUIComponents.dll
0x00007ffff4300000 - 0x00007ffff430c000 	C:\WINDOWS\SYSTEM32\CRYPTBASE.DLL
0x00007fffcfb40000 - 0x00007fffcfbab000 	C:\WINDOWS\system32\Ninput.dll
0x00007fffe1200000 - 0x00007fffe12b0000 	C:\WINDOWS\SYSTEM32\TextShaping.dll

dbghelp: loaded successfully - version: 4.0.5 - missing functions: none
symbol engine: initialized successfully - sym options: 0x614 - pdb path: .;C:\Program Files\Java\jdk-22\bin;C:\WINDOWS\SYSTEM32;C:\WINDOWS\WinSxS\amd64_microsoft.windows.common-controls_6595b64144ccf1df_6.0.22621.3672_none_2713b9d173822955;C:\Program Files (x86)\360\Total Security\safemon;C:\Program Files\Java\jdk-22\bin\server

VM Arguments:
jvm_args: -Dfile.encoding=UTF-8 --module-path=C:\Users\Lenovo\Documents\NetBeansProjects\bank management system\build\classes 
java_command: bank.management.system.signupOne
java_class_path (initial): C:\Users\Lenovo\Downloads\jcalendar-tz-1.3.3-4.jar;C:\Users\Lenovo\Documents\NetBeansProjects\bank management system\build\classes
Launcher Type: SUN_STANDARD

[Global flags]
     intx CICompilerCount                          = 3                                         {product} {ergonomic}
     uint ConcGCThreads                            = 1                                         {product} {ergonomic}
     uint G1ConcRefinementThreads                  = 4                                         {product} {ergonomic}
   size_t G1HeapRegionSize                         = 1048576                                   {product} {ergonomic}
   size_t InitialHeapSize                          = 132120576                                 {product} {ergonomic}
   size_t MarkStackSize                            = 4194304                                   {product} {ergonomic}
   size_t MaxHeapSize                              = 2105540608                                {product} {ergonomic}
   size_t MaxNewSize                               = 1262485504                                {product} {ergonomic}
   size_t MinHeapDeltaBytes                        = 1048576                                   {product} {ergonomic}
   size_t MinHeapSize                              = 8388608                                   {product} {ergonomic}
    uintx NonNMethodCodeHeapSize                   = 5832780                                {pd product} {ergonomic}
    uintx NonProfiledCodeHeapSize                  = 122912730                              {pd product} {ergonomic}
    uintx ProfiledCodeHeapSize                     = 122912730                              {pd product} {ergonomic}
    uintx ReservedCodeCacheSize                    = 251658240                              {pd product} {ergonomic}
     bool SegmentedCodeCache                       = true                                      {product} {ergonomic}
   size_t SoftMaxHeapSize                          = 2105540608                             {manageable} {ergonomic}
     bool UseCompressedOops                        = true                           {product lp64_product} {ergonomic}
     bool UseG1GC                                  = true                                      {product} {ergonomic}
     bool UseLargePagesIndividualAllocation        = false                                  {pd product} {ergonomic}

Logging:
Log output configuration:
 #0: stdout all=warning uptime,level,tags foldmultilines=false
 #1: stderr all=off uptime,level,tags foldmultilines=false

Environment Variables:
PATH=C:\Program Files\Common Files\Oracle\Java\javapath;C:\WINDOWS\system32;C:\WINDOWS;C:\WINDOWS\System32\Wbem;C:\WINDOWS\System32\WindowsPowerShell\v1.0\;C:\WINDOWS\System32\OpenSSH\;C:\Program Files\dotnet\;C:\Program Files\Java\jdk-22\bin;C:\Program Files\MySQL\MySQL Shell 8.0\bin\;C:\Users\Lenovo\AppData\Local\Programs\Python\Python312\Scripts\;C:\Users\Lenovo\AppData\Local\Programs\Python\Python312\;C:\Users\Lenovo\AppData\Local\Microsoft\WindowsApps;C:\Users\Lenovo\AppData\Local\Programs\Microsoft VS Code\bin
USERNAME=Lenovo
OS=Windows_NT
PROCESSOR_IDENTIFIER=Intel64 Family 6 Model 142 Stepping 12, GenuineIntel
TMP=C:\Users\Lenovo\AppData\Local\Temp
TEMP=C:\Users\Lenovo\AppData\Local\Temp




Periodic native trim disabled

---------------  S Y S T E M  ---------------

OS:
 Windows 11 , 64 bit Build 22621 (10.0.22621.3958)
OS uptime: 19 days 23:31 hours

CPU: total 4 (initial active 4) (2 cores per cpu, 2 threads per core) family 6 model 142 stepping 12 microcode 0xf0, cx8, cmov, fxsr, ht, mmx, 3dnowpref, sse, sse2, sse3, ssse3, sse4.1, sse4.2, popcnt, lzcnt, tsc, tscinvbit, avx, avx2, aes, erms, clmul, bmi1, bmi2, adx, fma, vzeroupper, clflush, clflushopt, rdtscp, f16c
Processor Information for processor 0
  Max Mhz: 2592, Current Mhz: 2093, Mhz Limit: 2073
Processor Information for processor 1
  Max Mhz: 2592, Current Mhz: 2093, Mhz Limit: 2073
Processor Information for processor 2
  Max Mhz: 2592, Current Mhz: 1495, Mhz Limit: 2073
Processor Information for processor 3
  Max Mhz: 2592, Current Mhz: 1495, Mhz Limit: 2073

Memory: 4k page, system-wide physical 8026M (488M free)
TotalPageFile size 32602M (AvailPageFile size 0M)
current process WorkingSet (physical memory assigned to process): 18M, peak: 103M
current process commit charge ("private bytes"): 221M, peak: 236M

vm_info: Java HotSpot(TM) 64-Bit Server VM (22.0.2+9-70) for windows-amd64 JRE (22.0.2+9-70), built on 2024-06-04T16:52:23Z by "mach5one" with MS VC++ 17.6 (VS2022)

END.
