#
# There is insufficient memory for the Java Runtime Environment to continue.
# Native memory allocation (malloc) failed to allocate 32744 bytes. Error detail: Chunk::new
# Possible reasons:
#   The system is out of physical RAM or swap space
#   This process is running with CompressedOops enabled, and the Java Heap may be blocking the growth of the native heap
# Possible solutions:
#   Reduce memory load on the system
#   Increase physical memory or swap space
#   Check if swap backing store is full
#   Decrease Java heap size (-Xmx/-Xms)
#   Decrease number of Java threads
#   Decrease Java thread stack sizes (-Xss)
#   Set larger code cache with -XX:ReservedCodeCacheSize=
#   JVM is running with Unscaled Compressed Oops mode in which the Java heap is
#     placed in the first 4GB address space. The Java Heap base address is the
#     maximum limit for the native heap growth. Please use -XX:HeapBaseMinAddress
#     to set the Java Heap base and to place the Java Heap above 4GB virtual address.
# This output file may be truncated or incomplete.
#
#  Out of Memory Error (arena.cpp:150), pid=47472, tid=21796
#
# JRE version: Java(TM) SE Runtime Environment (22.0.2+9) (build 22.0.2+9-70)
# Java VM: Java HotSpot(TM) 64-Bit Server VM (22.0.2+9-70, mixed mode, sharing, tiered, compressed oops, compressed class ptrs, g1 gc, windows-amd64)
# No core dump will be written. Minidumps are not enabled by default on client versions of Windows
#

---------------  S U M M A R Y ------------

Command Line: -Dfile.encoding=UTF-8 --module-path=C:\Users\Lenovo\Documents\NetBeansProjects\bank management system\build\classes bank.management.system.SignupThree

Host: Intel(R) Core(TM) i3-10110U CPU @ 2.10GHz, 4 cores, 7G,  Windows 11 , 64 bit Build 22621 (10.0.22621.3958)
Time: Sat Sep  7 16:59:25 2024 India Standard Time elapsed time: 874.813117 seconds (0d 0h 14m 34s)

---------------  T H R E A D  ---------------

Current thread (0x000001ba2752d2f0):  JavaThread "C1 CompilerThread0" daemon [_thread_in_native, id=21796, stack(0x0000000a3c000000,0x0000000a3c100000) (1024K)]


Current CompileTask:
C1:874813 1225   !   3       java.lang.ref.ReferenceQueue::poll (40 bytes)

Stack: [0x0000000a3c000000,0x0000000a3c100000]
Native frames: (J=compiled Java code, j=interpreted, Vv=VM code, C=native code)
V  [jvm.dll+0x6e26e9]  (no source info available)
V  [jvm.dll+0x875753]  (no source info available)
V  [jvm.dll+0x877b7e]  (no source info available)
V  [jvm.dll+0x878253]  (no source info available)
V  [jvm.dll+0x27fc86]  (no source info available)
V  [jvm.dll+0xc3d0f]  (no source info available)
V  [jvm.dll+0xc3f6b]  (no source info available)
V  [jvm.dll+0x194a43]  (no source info available)
V  [jvm.dll+0x194b0d]  (no source info available)
V  [jvm.dll+0x1970f9]  (no source info available)
V  [jvm.dll+0x198714]  (no source info available)
V  [jvm.dll+0x153e45]  (no source info available)
V  [jvm.dll+0x1535c3]  (no source info available)
V  [jvm.dll+0x1538a0]  (no source info available)
V  [jvm.dll+0x152c1d]  (no source info available)
V  [jvm.dll+0x154add]  (no source info available)
V  [jvm.dll+0x2568f3]  (no source info available)
V  [jvm.dll+0x254baa]  (no source info available)
V  [jvm.dll+0x3f57a6]  (no source info available)
V  [jvm.dll+0x81dc0b]  (no source info available)
V  [jvm.dll+0x6e0d85]  (no source info available)
C  [ucrtbase.dll+0x29333]  (no source info available)
C  [KERNEL32.DLL+0x1257d]  (no source info available)
C  [ntdll.dll+0x5af28]  (no source info available)


---------------  P R O C E S S  ---------------

Threads class SMR info:
_java_thread_list=0x000001ba27a023b0, length=15, elements={
0x000001ba274f1f00, 0x000001ba274f6d40, 0x000001ba274fb490, 0x000001ba274fbef0,
0x000001ba274fc950, 0x000001ba274fd780, 0x000001ba27522450, 0x000001ba2752d2f0,
0x000001ba276f8610, 0x000001ba277f0050, 0x000001ba27850e90, 0x000001ba279b2210,
0x000001ba279b5970, 0x000001ba27a1b190, 0x000001ba0b599360
}

Java Threads: ( => current thread )
  0x000001ba274f1f00 JavaThread "Reference Handler"          daemon [_thread_blocked, id=1036, stack(0x0000000a3b900000,0x0000000a3ba00000) (1024K)]
  0x000001ba274f6d40 JavaThread "Finalizer"                  daemon [_thread_blocked, id=47288, stack(0x0000000a3ba00000,0x0000000a3bb00000) (1024K)]
  0x000001ba274fb490 JavaThread "Signal Dispatcher"          daemon [_thread_blocked, id=24636, stack(0x0000000a3bb00000,0x0000000a3bc00000) (1024K)]
  0x000001ba274fbef0 JavaThread "Attach Listener"            daemon [_thread_blocked, id=28736, stack(0x0000000a3bc00000,0x0000000a3bd00000) (1024K)]
  0x000001ba274fc950 JavaThread "Service Thread"             daemon [_thread_blocked, id=3404, stack(0x0000000a3bd00000,0x0000000a3be00000) (1024K)]
  0x000001ba274fd780 JavaThread "Monitor Deflation Thread"   daemon [_thread_blocked, id=35836, stack(0x0000000a3be00000,0x0000000a3bf00000) (1024K)]
  0x000001ba27522450 JavaThread "C2 CompilerThread0"         daemon [_thread_blocked, id=2260, stack(0x0000000a3bf00000,0x0000000a3c000000) (1024K)]
=>0x000001ba2752d2f0 JavaThread "C1 CompilerThread0"         daemon [_thread_in_native, id=21796, stack(0x0000000a3c000000,0x0000000a3c100000) (1024K)]
  0x000001ba276f8610 JavaThread "Common-Cleaner"             daemon [_thread_blocked, id=10360, stack(0x0000000a3c100000,0x0000000a3c200000) (1024K)]
  0x000001ba277f0050 JavaThread "Notification Thread"        daemon [_thread_blocked, id=10416, stack(0x0000000a3c200000,0x0000000a3c300000) (1024K)]
  0x000001ba27850e90 JavaThread "Java2D Disposer"            daemon [_thread_blocked, id=39832, stack(0x0000000a3c300000,0x0000000a3c400000) (1024K)]
  0x000001ba279b2210 JavaThread "AWT-Shutdown"                      [_thread_blocked, id=27620, stack(0x0000000a3c400000,0x0000000a3c500000) (1024K)]
  0x000001ba279b5970 JavaThread "AWT-Windows"                daemon [_thread_in_native, id=45356, stack(0x0000000a3c500000,0x0000000a3c600000) (1024K)]
  0x000001ba27a1b190 JavaThread "AWT-EventQueue-0"                  [_thread_blocked, id=46232, stack(0x0000000a3c600000,0x0000000a3c700000) (1024K)]
  0x000001ba0b599360 JavaThread "DestroyJavaVM"                     [_thread_blocked, id=43520, stack(0x0000000a3b100000,0x0000000a3b200000) (1024K)]
Total: 15

Other Threads:
  0x000001ba274d3c40 VMThread "VM Thread"                           [id=45360, stack(0x0000000a3b800000,0x0000000a3b900000) (1024K)]
  0x000001ba274be210 WatcherThread "VM Periodic Task Thread"        [id=42028, stack(0x0000000a3b700000,0x0000000a3b800000) (1024K)]
  0x000001ba0b5f10e0 WorkerThread "GC Thread#0"                     [id=33840, stack(0x0000000a3b200000,0x0000000a3b300000) (1024K)]
  0x000001ba6de35c40 WorkerThread "GC Thread#1"                     [id=2164, stack(0x0000000a3c700000,0x0000000a3c800000) (1024K)]
  0x000001ba6dea7eb0 WorkerThread "GC Thread#2"                     [id=9140, stack(0x0000000a3c800000,0x0000000a3c900000) (1024K)]
  0x000001ba6dea8260 WorkerThread "GC Thread#3"                     [id=47640, stack(0x0000000a3c900000,0x0000000a3ca00000) (1024K)]
  0x000001ba0b602d90 ConcurrentGCThread "G1 Main Marker"            [id=42244, stack(0x0000000a3b300000,0x0000000a3b400000) (1024K)]
  0x000001ba0b604cc0 WorkerThread "G1 Conc#0"                       [id=29344, stack(0x0000000a3b400000,0x0000000a3b500000) (1024K)]
  0x000001ba0b62e520 ConcurrentGCThread "G1 Refine#0"               [id=41716, stack(0x0000000a3b500000,0x0000000a3b600000) (1024K)]
  0x000001ba27391740 ConcurrentGCThread "G1 Service"                [id=13908, stack(0x0000000a3b600000,0x0000000a3b700000) (1024K)]
Total: 10

Threads with active compile tasks:
C1 CompilerThread0  874903 1225   !   3       java.lang.ref.ReferenceQueue::poll (40 bytes)
Total: 1

VM state: not at safepoint (normal execution)

VM Mutex/Monitor currently owned by a thread: None

Heap address: 0x0000000082800000, size: 2008 MB, Compressed Oops mode: 32-bit

CDS archive(s) mapped at: [0x000001ba28000000-0x000001ba28c60000-0x000001ba28c60000), size 12976128, SharedBaseAddress: 0x000001ba28000000, ArchiveRelocationMode: 1.
Compressed class space mapped at: 0x000001ba29000000-0x000001ba69000000, reserved size: 1073741824
Narrow klass base: 0x000001ba28000000, Narrow klass shift: 0, Narrow klass range: 0x41000000

GC Precious Log:
 CardTable entry size: 512
 Card Set container configuration: InlinePtr #cards 5 size 8 Array Of Cards #cards 12 size 40 Howl #buckets 4 coarsen threshold 1843 Howl Bitmap #cards 512 size 80 coarsen threshold 460 Card regions per heap region 1 cards per card region 2048
 CPUs: 4 total, 4 available
 Memory: 8026M
 Large Page Support: Disabled
 NUMA Support: Disabled
 Compressed Oops: Enabled (32-bit)
 Heap Region Size: 1M
 Heap Min Capacity: 8M
 Heap Initial Capacity: 126M
 Heap Max Capacity: 2008M
 Pre-touch: Disabled
 Parallel Workers: 4
 Concurrent Workers: 1
 Concurrent Refinement Workers: 4
 Periodic GC: Disabled

Heap:
 garbage-first heap   total reserved 2056192K, committed 129024K, used 8118K [0x0000000082800000, 0x0000000100000000)
  region size 1024K, 5 young (5120K), 2 survivors (2048K)
 Metaspace       used 7162K, committed 7360K, reserved 1114112K
  class space    used 772K, committed 896K, reserved 1048576K

Heap Regions: E=young(eden), S=young(survivor), O=old, HS=humongous(starts), HC=humongous(continues), CS=collection set, F=free, TAMS=top-at-mark-start, PB=parsable bottom
|   0|0x0000000082800000, 0x0000000082900000, 0x0000000082900000|100%|HS|  |TAMS 0x0000000082800000| PB 0x0000000082800000| Complete |  0
|   1|0x0000000082900000, 0x0000000082a00000, 0x0000000082a00000|100%|HC|  |TAMS 0x0000000082900000| PB 0x0000000082900000| Complete |  0
|   2|0x0000000082a00000, 0x0000000082b00000, 0x0000000082b00000|100%|HC|  |TAMS 0x0000000082a00000| PB 0x0000000082a00000| Complete |  0
|   3|0x0000000082b00000, 0x0000000082bed9c8, 0x0000000082c00000| 92%| O|  |TAMS 0x0000000082b00000| PB 0x0000000082b00000| Untracked |  0
|   4|0x0000000082c00000, 0x0000000082c00000, 0x0000000082d00000|  0%| F|  |TAMS 0x0000000082c00000| PB 0x0000000082c00000| Untracked |  0
|   5|0x0000000082d00000, 0x0000000082d00000, 0x0000000082e00000|  0%| F|  |TAMS 0x0000000082d00000| PB 0x0000000082d00000| Untracked |  0
|   6|0x0000000082e00000, 0x0000000082e00000, 0x0000000082f00000|  0%| F|  |TAMS 0x0000000082e00000| PB 0x0000000082e00000| Untracked |  0
|   7|0x0000000082f00000, 0x0000000082f00000, 0x0000000083000000|  0%| F|  |TAMS 0x0000000082f00000| PB 0x0000000082f00000| Untracked |  0
|   8|0x0000000083000000, 0x0000000083000000, 0x0000000083100000|  0%| F|  |TAMS 0x0000000083000000| PB 0x0000000083000000| Untracked |  0
|   9|0x0000000083100000, 0x0000000083100000, 0x0000000083200000|  0%| F|  |TAMS 0x0000000083100000| PB 0x0000000083100000| Untracked |  0
|  10|0x0000000083200000, 0x0000000083200000, 0x0000000083300000|  0%| F|  |TAMS 0x0000000083200000| PB 0x0000000083200000| Untracked |  0
|  11|0x0000000083300000, 0x0000000083300000, 0x0000000083400000|  0%| F|  |TAMS 0x0000000083300000| PB 0x0000000083300000| Untracked |  0
|  12|0x0000000083400000, 0x0000000083400000, 0x0000000083500000|  0%| F|  |TAMS 0x0000000083400000| PB 0x0000000083400000| Untracked |  0
|  13|0x0000000083500000, 0x0000000083500000, 0x0000000083600000|  0%| F|  |TAMS 0x0000000083500000| PB 0x0000000083500000| Untracked |  0
|  14|0x0000000083600000, 0x0000000083600000, 0x0000000083700000|  0%| F|  |TAMS 0x0000000083600000| PB 0x0000000083600000| Untracked |  0
|  15|0x0000000083700000, 0x0000000083700000, 0x0000000083800000|  0%| F|  |TAMS 0x0000000083700000| PB 0x0000000083700000| Untracked |  0
|  16|0x0000000083800000, 0x0000000083800000, 0x0000000083900000|  0%| F|  |TAMS 0x0000000083800000| PB 0x0000000083800000| Untracked |  0
|  17|0x0000000083900000, 0x0000000083900000, 0x0000000083a00000|  0%| F|  |TAMS 0x0000000083900000| PB 0x0000000083900000| Untracked |  0
|  18|0x0000000083a00000, 0x0000000083a00000, 0x0000000083b00000|  0%| F|  |TAMS 0x0000000083a00000| PB 0x0000000083a00000| Untracked |  0
|  19|0x0000000083b00000, 0x0000000083b00000, 0x0000000083c00000|  0%| F|  |TAMS 0x0000000083b00000| PB 0x0000000083b00000| Untracked |  0
|  20|0x0000000083c00000, 0x0000000083c00000, 0x0000000083d00000|  0%| F|  |TAMS 0x0000000083c00000| PB 0x0000000083c00000| Untracked |  0
|  21|0x0000000083d00000, 0x0000000083d00000, 0x0000000083e00000|  0%| F|  |TAMS 0x0000000083d00000| PB 0x0000000083d00000| Untracked |  0
|  22|0x0000000083e00000, 0x0000000083e00000, 0x0000000083f00000|  0%| F|  |TAMS 0x0000000083e00000| PB 0x0000000083e00000| Untracked |  0
|  23|0x0000000083f00000, 0x0000000083f00000, 0x0000000084000000|  0%| F|  |TAMS 0x0000000083f00000| PB 0x0000000083f00000| Untracked |  0
|  24|0x0000000084000000, 0x0000000084000000, 0x0000000084100000|  0%| F|  |TAMS 0x0000000084000000| PB 0x0000000084000000| Untracked |  0
|  25|0x0000000084100000, 0x0000000084100000, 0x0000000084200000|  0%| F|  |TAMS 0x0000000084100000| PB 0x0000000084100000| Untracked |  0
|  26|0x0000000084200000, 0x0000000084200000, 0x0000000084300000|  0%| F|  |TAMS 0x0000000084200000| PB 0x0000000084200000| Untracked |  0
|  27|0x0000000084300000, 0x0000000084300000, 0x0000000084400000|  0%| F|  |TAMS 0x0000000084300000| PB 0x0000000084300000| Untracked |  0
|  28|0x0000000084400000, 0x0000000084400000, 0x0000000084500000|  0%| F|  |TAMS 0x0000000084400000| PB 0x0000000084400000| Untracked |  0
|  29|0x0000000084500000, 0x0000000084500000, 0x0000000084600000|  0%| F|  |TAMS 0x0000000084500000| PB 0x0000000084500000| Untracked |  0
|  30|0x0000000084600000, 0x0000000084600000, 0x0000000084700000|  0%| F|  |TAMS 0x0000000084600000| PB 0x0000000084600000| Untracked |  0
|  31|0x0000000084700000, 0x0000000084700000, 0x0000000084800000|  0%| F|  |TAMS 0x0000000084700000| PB 0x0000000084700000| Untracked |  0
|  32|0x0000000084800000, 0x0000000084800000, 0x0000000084900000|  0%| F|  |TAMS 0x0000000084800000| PB 0x0000000084800000| Untracked |  0
|  33|0x0000000084900000, 0x0000000084900000, 0x0000000084a00000|  0%| F|  |TAMS 0x0000000084900000| PB 0x0000000084900000| Untracked |  0
|  34|0x0000000084a00000, 0x0000000084a00000, 0x0000000084b00000|  0%| F|  |TAMS 0x0000000084a00000| PB 0x0000000084a00000| Untracked |  0
|  35|0x0000000084b00000, 0x0000000084b00000, 0x0000000084c00000|  0%| F|  |TAMS 0x0000000084b00000| PB 0x0000000084b00000| Untracked |  0
|  36|0x0000000084c00000, 0x0000000084c00000, 0x0000000084d00000|  0%| F|  |TAMS 0x0000000084c00000| PB 0x0000000084c00000| Untracked |  0
|  37|0x0000000084d00000, 0x0000000084d00000, 0x0000000084e00000|  0%| F|  |TAMS 0x0000000084d00000| PB 0x0000000084d00000| Untracked |  0
|  38|0x0000000084e00000, 0x0000000084e00000, 0x0000000084f00000|  0%| F|  |TAMS 0x0000000084e00000| PB 0x0000000084e00000| Untracked |  0
|  39|0x0000000084f00000, 0x0000000084f00000, 0x0000000085000000|  0%| F|  |TAMS 0x0000000084f00000| PB 0x0000000084f00000| Untracked |  0
|  40|0x0000000085000000, 0x0000000085000000, 0x0000000085100000|  0%| F|  |TAMS 0x0000000085000000| PB 0x0000000085000000| Untracked |  0
|  41|0x0000000085100000, 0x0000000085100000, 0x0000000085200000|  0%| F|  |TAMS 0x0000000085100000| PB 0x0000000085100000| Untracked |  0
|  42|0x0000000085200000, 0x0000000085200000, 0x0000000085300000|  0%| F|  |TAMS 0x0000000085200000| PB 0x0000000085200000| Untracked |  0
|  43|0x0000000085300000, 0x0000000085300000, 0x0000000085400000|  0%| F|  |TAMS 0x0000000085300000| PB 0x0000000085300000| Untracked |  0
|  44|0x0000000085400000, 0x0000000085400000, 0x0000000085500000|  0%| F|  |TAMS 0x0000000085400000| PB 0x0000000085400000| Untracked |  0
|  45|0x0000000085500000, 0x0000000085500000, 0x0000000085600000|  0%| F|  |TAMS 0x0000000085500000| PB 0x0000000085500000| Untracked |  0
|  46|0x0000000085600000, 0x0000000085600000, 0x0000000085700000|  0%| F|  |TAMS 0x0000000085600000| PB 0x0000000085600000| Untracked |  0
|  47|0x0000000085700000, 0x0000000085700000, 0x0000000085800000|  0%| F|  |TAMS 0x0000000085700000| PB 0x0000000085700000| Untracked |  0
|  48|0x0000000085800000, 0x0000000085800000, 0x0000000085900000|  0%| F|  |TAMS 0x0000000085800000| PB 0x0000000085800000| Untracked |  0
|  49|0x0000000085900000, 0x0000000085900000, 0x0000000085a00000|  0%| F|  |TAMS 0x0000000085900000| PB 0x0000000085900000| Untracked |  0
|  50|0x0000000085a00000, 0x0000000085a00000, 0x0000000085b00000|  0%| F|  |TAMS 0x0000000085a00000| PB 0x0000000085a00000| Untracked |  0
|  51|0x0000000085b00000, 0x0000000085b00000, 0x0000000085c00000|  0%| F|  |TAMS 0x0000000085b00000| PB 0x0000000085b00000| Untracked |  0
|  52|0x0000000085c00000, 0x0000000085c00000, 0x0000000085d00000|  0%| F|  |TAMS 0x0000000085c00000| PB 0x0000000085c00000| Untracked |  0
|  53|0x0000000085d00000, 0x0000000085d00000, 0x0000000085e00000|  0%| F|  |TAMS 0x0000000085d00000| PB 0x0000000085d00000| Untracked |  0
|  54|0x0000000085e00000, 0x0000000085e00000, 0x0000000085f00000|  0%| F|  |TAMS 0x0000000085e00000| PB 0x0000000085e00000| Untracked |  0
|  55|0x0000000085f00000, 0x0000000085f00000, 0x0000000086000000|  0%| F|  |TAMS 0x0000000085f00000| PB 0x0000000085f00000| Untracked |  0
|  56|0x0000000086000000, 0x0000000086000000, 0x0000000086100000|  0%| F|  |TAMS 0x0000000086000000| PB 0x0000000086000000| Untracked |  0
|  57|0x0000000086100000, 0x0000000086100000, 0x0000000086200000|  0%| F|  |TAMS 0x0000000086100000| PB 0x0000000086100000| Untracked |  0
|  58|0x0000000086200000, 0x0000000086200000, 0x0000000086300000|  0%| F|  |TAMS 0x0000000086200000| PB 0x0000000086200000| Untracked |  0
|  59|0x0000000086300000, 0x0000000086300000, 0x0000000086400000|  0%| F|  |TAMS 0x0000000086300000| PB 0x0000000086300000| Untracked |  0
|  60|0x0000000086400000, 0x0000000086400000, 0x0000000086500000|  0%| F|  |TAMS 0x0000000086400000| PB 0x0000000086400000| Untracked |  0
|  61|0x0000000086500000, 0x0000000086500000, 0x0000000086600000|  0%| F|  |TAMS 0x0000000086500000| PB 0x0000000086500000| Untracked |  0
|  62|0x0000000086600000, 0x0000000086600000, 0x0000000086700000|  0%| F|  |TAMS 0x0000000086600000| PB 0x0000000086600000| Untracked |  0
|  63|0x0000000086700000, 0x0000000086700000, 0x0000000086800000|  0%| F|  |TAMS 0x0000000086700000| PB 0x0000000086700000| Untracked |  0
|  64|0x0000000086800000, 0x0000000086800000, 0x0000000086900000|  0%| F|  |TAMS 0x0000000086800000| PB 0x0000000086800000| Untracked |  0
|  65|0x0000000086900000, 0x0000000086900000, 0x0000000086a00000|  0%| F|  |TAMS 0x0000000086900000| PB 0x0000000086900000| Untracked |  0
|  66|0x0000000086a00000, 0x0000000086a00000, 0x0000000086b00000|  0%| F|  |TAMS 0x0000000086a00000| PB 0x0000000086a00000| Untracked |  0
|  67|0x0000000086b00000, 0x0000000086b00000, 0x0000000086c00000|  0%| F|  |TAMS 0x0000000086b00000| PB 0x0000000086b00000| Untracked |  0
|  68|0x0000000086c00000, 0x0000000086c00000, 0x0000000086d00000|  0%| F|  |TAMS 0x0000000086c00000| PB 0x0000000086c00000| Untracked |  0
|  69|0x0000000086d00000, 0x0000000086d00000, 0x0000000086e00000|  0%| F|  |TAMS 0x0000000086d00000| PB 0x0000000086d00000| Untracked |  0
|  70|0x0000000086e00000, 0x0000000086e00000, 0x0000000086f00000|  0%| F|  |TAMS 0x0000000086e00000| PB 0x0000000086e00000| Untracked |  0
|  71|0x0000000086f00000, 0x0000000086f00000, 0x0000000087000000|  0%| F|  |TAMS 0x0000000086f00000| PB 0x0000000086f00000| Untracked |  0
|  72|0x0000000087000000, 0x0000000087000000, 0x0000000087100000|  0%| F|  |TAMS 0x0000000087000000| PB 0x0000000087000000| Untracked |  0
|  73|0x0000000087100000, 0x0000000087100000, 0x0000000087200000|  0%| F|  |TAMS 0x0000000087100000| PB 0x0000000087100000| Untracked |  0
|  74|0x0000000087200000, 0x0000000087200000, 0x0000000087300000|  0%| F|  |TAMS 0x0000000087200000| PB 0x0000000087200000| Untracked |  0
|  75|0x0000000087300000, 0x0000000087300000, 0x0000000087400000|  0%| F|  |TAMS 0x0000000087300000| PB 0x0000000087300000| Untracked |  0
|  76|0x0000000087400000, 0x0000000087400000, 0x0000000087500000|  0%| F|  |TAMS 0x0000000087400000| PB 0x0000000087400000| Untracked |  0
|  77|0x0000000087500000, 0x0000000087500000, 0x0000000087600000|  0%| F|  |TAMS 0x0000000087500000| PB 0x0000000087500000| Untracked |  0
|  78|0x0000000087600000, 0x0000000087600000, 0x0000000087700000|  0%| F|  |TAMS 0x0000000087600000| PB 0x0000000087600000| Untracked |  0
|  79|0x0000000087700000, 0x0000000087700000, 0x0000000087800000|  0%| F|  |TAMS 0x0000000087700000| PB 0x0000000087700000| Untracked |  0
|  80|0x0000000087800000, 0x0000000087800000, 0x0000000087900000|  0%| F|  |TAMS 0x0000000087800000| PB 0x0000000087800000| Untracked |  0
|  81|0x0000000087900000, 0x0000000087900000, 0x0000000087a00000|  0%| F|  |TAMS 0x0000000087900000| PB 0x0000000087900000| Untracked |  0
|  82|0x0000000087a00000, 0x0000000087a00000, 0x0000000087b00000|  0%| F|  |TAMS 0x0000000087a00000| PB 0x0000000087a00000| Untracked |  0
|  83|0x0000000087b00000, 0x0000000087b00000, 0x0000000087c00000|  0%| F|  |TAMS 0x0000000087b00000| PB 0x0000000087b00000| Untracked |  0
|  84|0x0000000087c00000, 0x0000000087c00000, 0x0000000087d00000|  0%| F|  |TAMS 0x0000000087c00000| PB 0x0000000087c00000| Untracked |  0
|  85|0x0000000087d00000, 0x0000000087d00000, 0x0000000087e00000|  0%| F|  |TAMS 0x0000000087d00000| PB 0x0000000087d00000| Untracked |  0
|  86|0x0000000087e00000, 0x0000000087e00000, 0x0000000087f00000|  0%| F|  |TAMS 0x0000000087e00000| PB 0x0000000087e00000| Untracked |  0
|  87|0x0000000087f00000, 0x0000000087f00000, 0x0000000088000000|  0%| F|  |TAMS 0x0000000087f00000| PB 0x0000000087f00000| Untracked |  0
|  88|0x0000000088000000, 0x0000000088000000, 0x0000000088100000|  0%| F|  |TAMS 0x0000000088000000| PB 0x0000000088000000| Untracked |  0
|  89|0x0000000088100000, 0x0000000088100000, 0x0000000088200000|  0%| F|  |TAMS 0x0000000088100000| PB 0x0000000088100000| Untracked |  0
|  90|0x0000000088200000, 0x0000000088200000, 0x0000000088300000|  0%| F|  |TAMS 0x0000000088200000| PB 0x0000000088200000| Untracked |  0
|  91|0x0000000088300000, 0x0000000088300000, 0x0000000088400000|  0%| F|  |TAMS 0x0000000088300000| PB 0x0000000088300000| Untracked |  0
|  92|0x0000000088400000, 0x0000000088400000, 0x0000000088500000|  0%| F|  |TAMS 0x0000000088400000| PB 0x0000000088400000| Untracked |  0
|  93|0x0000000088500000, 0x0000000088500000, 0x0000000088600000|  0%| F|  |TAMS 0x0000000088500000| PB 0x0000000088500000| Untracked |  0
|  94|0x0000000088600000, 0x0000000088600000, 0x0000000088700000|  0%| F|  |TAMS 0x0000000088600000| PB 0x0000000088600000| Untracked |  0
|  95|0x0000000088700000, 0x0000000088700000, 0x0000000088800000|  0%| F|  |TAMS 0x0000000088700000| PB 0x0000000088700000| Untracked |  0
|  96|0x0000000088800000, 0x0000000088800000, 0x0000000088900000|  0%| F|  |TAMS 0x0000000088800000| PB 0x0000000088800000| Untracked |  0
|  97|0x0000000088900000, 0x0000000088900000, 0x0000000088a00000|  0%| F|  |TAMS 0x0000000088900000| PB 0x0000000088900000| Untracked |  0
|  98|0x0000000088a00000, 0x0000000088a00000, 0x0000000088b00000|  0%| F|  |TAMS 0x0000000088a00000| PB 0x0000000088a00000| Untracked |  0
|  99|0x0000000088b00000, 0x0000000088b00000, 0x0000000088c00000|  0%| F|  |TAMS 0x0000000088b00000| PB 0x0000000088b00000| Untracked |  0
| 100|0x0000000088c00000, 0x0000000088c00000, 0x0000000088d00000|  0%| F|  |TAMS 0x0000000088c00000| PB 0x0000000088c00000| Untracked |  0
| 101|0x0000000088d00000, 0x0000000088d00000, 0x0000000088e00000|  0%| F|  |TAMS 0x0000000088d00000| PB 0x0000000088d00000| Untracked |  0
| 102|0x0000000088e00000, 0x0000000088e00000, 0x0000000088f00000|  0%| F|  |TAMS 0x0000000088e00000| PB 0x0000000088e00000| Untracked |  0
| 103|0x0000000088f00000, 0x0000000088f00000, 0x0000000089000000|  0%| F|  |TAMS 0x0000000088f00000| PB 0x0000000088f00000| Untracked |  0
| 104|0x0000000089000000, 0x0000000089000000, 0x0000000089100000|  0%| F|  |TAMS 0x0000000089000000| PB 0x0000000089000000| Untracked |  0
| 105|0x0000000089100000, 0x0000000089100000, 0x0000000089200000|  0%| F|  |TAMS 0x0000000089100000| PB 0x0000000089100000| Untracked |  0
| 106|0x0000000089200000, 0x0000000089200000, 0x0000000089300000|  0%| F|  |TAMS 0x0000000089200000| PB 0x0000000089200000| Untracked |  0
| 107|0x0000000089300000, 0x0000000089300000, 0x0000000089400000|  0%| F|  |TAMS 0x0000000089300000| PB 0x0000000089300000| Untracked |  0
| 108|0x0000000089400000, 0x0000000089400000, 0x0000000089500000|  0%| F|  |TAMS 0x0000000089400000| PB 0x0000000089400000| Untracked |  0
| 109|0x0000000089500000, 0x0000000089500000, 0x0000000089600000|  0%| F|  |TAMS 0x0000000089500000| PB 0x0000000089500000| Untracked |  0
| 110|0x0000000089600000, 0x0000000089700000, 0x0000000089700000|100%| S|CS|TAMS 0x0000000089600000| PB 0x0000000089600000| Complete |  0
| 111|0x0000000089700000, 0x0000000089800000, 0x0000000089800000|100%| S|CS|TAMS 0x0000000089700000| PB 0x0000000089700000| Complete |  0
| 112|0x0000000089800000, 0x0000000089800000, 0x0000000089900000|  0%| F|  |TAMS 0x0000000089800000| PB 0x0000000089800000| Untracked |  0
| 113|0x0000000089900000, 0x0000000089900000, 0x0000000089a00000|  0%| F|  |TAMS 0x0000000089900000| PB 0x0000000089900000| Untracked |  0
| 114|0x0000000089a00000, 0x0000000089a00000, 0x0000000089b00000|  0%| F|  |TAMS 0x0000000089a00000| PB 0x0000000089a00000| Untracked |  0
| 115|0x0000000089b00000, 0x0000000089b00000, 0x0000000089c00000|  0%| F|  |TAMS 0x0000000089b00000| PB 0x0000000089b00000| Untracked |  0
| 116|0x0000000089c00000, 0x0000000089c00000, 0x0000000089d00000|  0%| F|  |TAMS 0x0000000089c00000| PB 0x0000000089c00000| Untracked |  0
| 117|0x0000000089d00000, 0x0000000089d00000, 0x0000000089e00000|  0%| F|  |TAMS 0x0000000089d00000| PB 0x0000000089d00000| Untracked |  0
| 118|0x0000000089e00000, 0x0000000089e00000, 0x0000000089f00000|  0%| F|  |TAMS 0x0000000089e00000| PB 0x0000000089e00000| Untracked |  0
| 119|0x0000000089f00000, 0x0000000089f00000, 0x000000008a000000|  0%| F|  |TAMS 0x0000000089f00000| PB 0x0000000089f00000| Untracked |  0
| 120|0x000000008a000000, 0x000000008a000000, 0x000000008a100000|  0%| F|  |TAMS 0x000000008a000000| PB 0x000000008a000000| Untracked |  0
| 121|0x000000008a100000, 0x000000008a100000, 0x000000008a200000|  0%| F|  |TAMS 0x000000008a100000| PB 0x000000008a100000| Untracked |  0
| 122|0x000000008a200000, 0x000000008a200000, 0x000000008a300000|  0%| F|  |TAMS 0x000000008a200000| PB 0x000000008a200000| Untracked |  0
| 123|0x000000008a300000, 0x000000008a3f20f8, 0x000000008a400000| 94%| E|  |TAMS 0x000000008a300000| PB 0x000000008a300000| Complete |  0
| 124|0x000000008a400000, 0x000000008a500000, 0x000000008a500000|100%| E|CS|TAMS 0x000000008a400000| PB 0x000000008a400000| Complete |  0
| 125|0x000000008a500000, 0x000000008a600000, 0x000000008a600000|100%| E|CS|TAMS 0x000000008a500000| PB 0x000000008a500000| Complete |  0

Card table byte_map: [0x000001ba22cb0000,0x000001ba230a0000] _byte_map_base: 0x000001ba2289c000

Marking Bits: (CMBitMap*) 0x000001ba0b5f2800
 Bits: [0x000001ba230a0000, 0x000001ba25000000)

Polling page: 0x000001ba096b0000

Metaspace:

Usage:
  Non-class:      6.24 MB used.
      Class:    772.39 KB used.
       Both:      6.99 MB used.

Virtual space:
  Non-class space:       64.00 MB reserved,       6.31 MB ( 10%) committed,  1 nodes.
      Class space:        1.00 GB reserved,     896.00 KB ( <1%) committed,  1 nodes.
             Both:        1.06 GB reserved,       7.19 MB ( <1%) committed. 

Chunk freelists:
   Non-Class:  9.00 MB
       Class:  15.11 MB
        Both:  24.11 MB

MaxMetaspaceSize: unlimited
CompressedClassSpaceSize: 1.00 GB
Initial GC threshold: 21.00 MB
Current GC threshold: 21.00 MB
CDS: on
 - commit_granule_bytes: 65536.
 - commit_granule_words: 8192.
 - virtual_space_node_default_size: 8388608.
 - enlarge_chunks_in_place: 1.
 - use_allocation_guard: 0.


Internal statistics:

num_allocs_failed_limit: 0.
num_arena_births: 140.
num_arena_deaths: 0.
num_vsnodes_births: 2.
num_vsnodes_deaths: 0.
num_space_committed: 115.
num_space_uncommitted: 0.
num_chunks_returned_to_freelist: 0.
num_chunks_taken_from_freelist: 180.
num_chunk_merges: 0.
num_chunk_splits: 105.
num_chunks_enlarged: 37.
num_inconsistent_stats: 0.

CodeHeap 'non-profiled nmethods': size=120000Kb used=364Kb max_used=364Kb free=119635Kb
 bounds [0x000001ba1b390000, 0x000001ba1b600000, 0x000001ba228c0000]
CodeHeap 'profiled nmethods': size=120000Kb used=1971Kb max_used=1971Kb free=118028Kb
 bounds [0x000001ba138c0000, 0x000001ba13b30000, 0x000001ba1adf0000]
CodeHeap 'non-nmethods': size=5760Kb used=1527Kb max_used=1566Kb free=4232Kb
 bounds [0x000001ba1adf0000, 0x000001ba1b060000, 0x000001ba1b390000]
 total_blobs=1822 nmethods=1224 adapters=503
 compilation: enabled
              stopped_count=0, restarted_count=0
 full_count=0

Compilation events (20 events):
Event: 10.769 Thread 0x000001ba2752d2f0 nmethod 1212 0x000001ba1b3e9c90 code [0x000001ba1b3e9e20, 0x000001ba1b3e9ee8]
Event: 10.769 Thread 0x000001ba2752d2f0 1213       1       java.awt.event.MouseEvent::getY (5 bytes)
Event: 10.769 Thread 0x000001ba2752d2f0 nmethod 1213 0x000001ba1b3e9f90 code [0x000001ba1b3ea120, 0x000001ba1b3ea1e8]
Event: 10.770 Thread 0x000001ba2752d2f0 1215       3       java.util.concurrent.locks.AbstractQueuedSynchronizer$Node::getAndUnsetStatus (14 bytes)
Event: 10.770 Thread 0x000001ba2752d2f0 nmethod 1215 0x000001ba13aa8190 code [0x000001ba13aa8340, 0x000001ba13aa8618]
Event: 10.771 Thread 0x000001ba2752d2f0 1218       3       sun.awt.windows.WObjectPeer::getPeerForTarget (10 bytes)
Event: 10.771 Thread 0x000001ba2752d2f0 nmethod 1218 0x000001ba13aa8710 code [0x000001ba13aa8980, 0x000001ba13aa9340]
Event: 10.890 Thread 0x000001ba2752d2f0 1219       3       java.awt.EventQueue::uncacheEQItem (53 bytes)
Event: 10.891 Thread 0x000001ba2752d2f0 nmethod 1219 0x000001ba13aa9690 code [0x000001ba13aa9860, 0x000001ba13aa9ed8]
Event: 10.898 Thread 0x000001ba2752d2f0 1220   !   3       java.util.concurrent.locks.AbstractQueuedSynchronizer::acquire (424 bytes)
Event: 10.900 Thread 0x000001ba2752d2f0 nmethod 1220 0x000001ba13aaa090 code [0x000001ba13aaa440, 0x000001ba13aabca8]
Event: 10.926 Thread 0x000001ba27522450 1221       4       java.awt.Component::inside (30 bytes)
Event: 10.927 Thread 0x000001ba27522450 nmethod 1221 0x000001ba1b3eaa90 code [0x000001ba1b3eac00, 0x000001ba1b3eacb0]
Event: 10.948 Thread 0x000001ba2752d2f0 1222       3       java.awt.Component::isEnabled (5 bytes)
Event: 10.948 Thread 0x000001ba2752d2f0 nmethod 1222 0x000001ba13aac490 code [0x000001ba13aac620, 0x000001ba13aac748]
Event: 10.968 Thread 0x000001ba27522450 1223       4       jdk.internal.logger.SurrogateLogger::defaultPlatformLevel (4 bytes)
Event: 10.968 Thread 0x000001ba27522450 nmethod 1223 0x000001ba1b3ead90 code [0x000001ba1b3eaf00, 0x000001ba1b3eaf90]
Event: 873.261 Thread 0x000001ba2752d2f0 1224       3       java.lang.invoke.ConstantCallSite::getTarget (20 bytes)
Event: 873.261 Thread 0x000001ba2752d2f0 nmethod 1224 0x000001ba13aac810 code [0x000001ba13aac9c0, 0x000001ba13aacbc8]
Event: 874.809 Thread 0x000001ba2752d2f0 1225   !   3       java.lang.ref.ReferenceQueue::poll (40 bytes)

GC Heap History (2 events):
Event: 0.537 GC heap before
{Heap before GC invocations=0 (full 0):
 garbage-first heap   total reserved 2056192K, committed 129024K, used 17408K [0x0000000082800000, 0x0000000100000000)
  region size 1024K, 14 young (14336K), 0 survivors (0K)
 Metaspace       used 6543K, committed 6784K, reserved 1114112K
  class space    used 706K, committed 832K, reserved 1048576K
}
Event: 0.541 GC heap after
{Heap after GC invocations=1 (full 0):
 garbage-first heap   total reserved 2056192K, committed 129024K, used 6070K [0x0000000082800000, 0x0000000100000000)
  region size 1024K, 2 young (2048K), 2 survivors (2048K)
 Metaspace       used 6543K, committed 6784K, reserved 1114112K
  class space    used 706K, committed 832K, reserved 1048576K
}

Dll operation events (9 events):
Event: 0.013 Loaded shared library C:\Program Files\Java\jdk-22\bin\java.dll
Event: 0.040 Loaded shared library C:\Program Files\Java\jdk-22\bin\jsvml.dll
Event: 0.068 Loaded shared library C:\Program Files\Java\jdk-22\bin\net.dll
Event: 0.073 Loaded shared library C:\Program Files\Java\jdk-22\bin\nio.dll
Event: 0.091 Loaded shared library C:\Program Files\Java\jdk-22\bin\zip.dll
Event: 0.105 Loaded shared library C:\Program Files\Java\jdk-22\bin\jimage.dll
Event: 0.117 Loaded shared library C:\Program Files\Java\jdk-22\bin\awt.dll
Event: 0.264 Loaded shared library C:\Program Files\Java\jdk-22\bin\freetype.dll
Event: 0.268 Loaded shared library C:\Program Files\Java\jdk-22\bin\fontmanager.dll

Deoptimization events (20 events):
Event: 0.422 Thread 0x000001ba27a1b190 DEOPT PACKING pc=0x000001ba138de97c sp=0x0000000a3c6fcbc0
Event: 0.422 Thread 0x000001ba27a1b190 DEOPT UNPACKING pc=0x000001ba1ae44e42 sp=0x0000000a3c6fbfe0 mode 0
Event: 0.479 Thread 0x000001ba27a1b190 DEOPT PACKING pc=0x000001ba138ca44c sp=0x0000000a3c6fcbc0
Event: 0.479 Thread 0x000001ba27a1b190 DEOPT UNPACKING pc=0x000001ba1ae44e42 sp=0x0000000a3c6fc028 mode 0
Event: 0.505 Thread 0x000001ba27a1b190 Uncommon trap: trap_request=0xffffff45 fr.pc=0x000001ba1b39b1cc relative=0x00000000000000ac
Event: 0.505 Thread 0x000001ba27a1b190 Uncommon trap: reason=unstable_if action=reinterpret pc=0x000001ba1b39b1cc method=java.lang.String.isLatin1()Z @ 10 c2
Event: 0.505 Thread 0x000001ba27a1b190 DEOPT PACKING pc=0x000001ba1b39b1cc sp=0x0000000a3c6fd3e0
Event: 0.505 Thread 0x000001ba27a1b190 DEOPT UNPACKING pc=0x000001ba1ae446a2 sp=0x0000000a3c6fd310 mode 2
Event: 0.505 Thread 0x000001ba27a1b190 Uncommon trap: trap_request=0xffffff45 fr.pc=0x000001ba1b3b7bb4 relative=0x0000000000000194
Event: 0.505 Thread 0x000001ba27a1b190 Uncommon trap: reason=unstable_if action=reinterpret pc=0x000001ba1b3b7bb4 method=jdk.internal.util.ArraysSupport.vectorizedHashCode(Ljava/lang/Object;IIII)I @ 2 c2
Event: 0.505 Thread 0x000001ba27a1b190 DEOPT PACKING pc=0x000001ba1b3b7bb4 sp=0x0000000a3c6fd2e0
Event: 0.505 Thread 0x000001ba27a1b190 DEOPT UNPACKING pc=0x000001ba1ae446a2 sp=0x0000000a3c6fd290 mode 2
Event: 1.186 Thread 0x000001ba279b5970 Uncommon trap: trap_request=0xffffffde fr.pc=0x000001ba1b3d2d24 relative=0x0000000000000084
Event: 1.186 Thread 0x000001ba279b5970 Uncommon trap: reason=class_check action=maybe_recompile pc=0x000001ba1b3d2d24 method=jdk.internal.misc.Blocker.begin()J @ 11 c2
Event: 1.186 Thread 0x000001ba279b5970 DEOPT PACKING pc=0x000001ba1b3d2d24 sp=0x0000000a3c5fd640
Event: 1.186 Thread 0x000001ba279b5970 DEOPT UNPACKING pc=0x000001ba1ae446a2 sp=0x0000000a3c5fd598 mode 2
Event: 1.186 Thread 0x000001ba279b5970 Uncommon trap: trap_request=0xffffffde fr.pc=0x000001ba1b3d2d24 relative=0x0000000000000084
Event: 1.186 Thread 0x000001ba279b5970 Uncommon trap: reason=class_check action=maybe_recompile pc=0x000001ba1b3d2d24 method=jdk.internal.misc.Blocker.begin()J @ 11 c2
Event: 1.186 Thread 0x000001ba279b5970 DEOPT PACKING pc=0x000001ba1b3d2d24 sp=0x0000000a3c5fd650
Event: 1.186 Thread 0x000001ba279b5970 DEOPT UNPACKING pc=0x000001ba1ae446a2 sp=0x0000000a3c5fd5a8 mode 2

Classes loaded (20 events):
Event: 1.189 Loading class java/awt/event/AWTEventListenerProxy
Event: 1.189 Loading class java/awt/event/AWTEventListenerProxy done
Event: 1.189 Loading class java/awt/Toolkit$SelectiveAWTEventListener
Event: 1.189 Loading class java/awt/Toolkit$SelectiveAWTEventListener done
Event: 1.189 Loading class java/awt/Toolkit$ToolkitEventMulticaster
Event: 1.189 Loading class java/awt/Toolkit$ToolkitEventMulticaster done
Event: 1.189 Loading class java/awt/event/MouseWheelEvent
Event: 1.189 Loading class java/awt/event/MouseWheelEvent done
Event: 11.002 Loading class java/awt/LightweightDispatcher$2
Event: 11.002 Loading class java/awt/LightweightDispatcher$2 done
Event: 11.839 Loading class java/awt/KeyboardFocusManager$2
Event: 11.839 Loading class java/awt/KeyboardFocusManager$2 done
Event: 11.839 Loading class sun/awt/SunToolkit$1
Event: 11.839 Loading class sun/awt/SunToolkit$1 done
Event: 873.290 Loading class java/util/WeakHashMap$KeyIterator
Event: 873.290 Loading class java/util/WeakHashMap$HashIterator
Event: 873.290 Loading class java/util/WeakHashMap$HashIterator done
Event: 873.290 Loading class java/util/WeakHashMap$KeyIterator done
Event: 873.291 Loading class javax/swing/RepaintManager$DisplayChangedRunnable
Event: 873.291 Loading class javax/swing/RepaintManager$DisplayChangedRunnable done

Classes unloaded (0 events):
No events

Classes redefined (0 events):
No events

Internal exceptions (14 events):
Event: 0.074 Thread 0x000001ba0b599360 Exception <a 'sun/nio/fs/WindowsException'{0x000000008a4bca88}> (0x000000008a4bca88) 
thrown [s\open\src\hotspot\share\prims\jni.cpp, line 520]
Event: 0.076 Thread 0x000001ba0b599360 Exception <a 'sun/nio/fs/WindowsException'{0x000000008a4bf020}> (0x000000008a4bf020) 
thrown [s\open\src\hotspot\share\prims\jni.cpp, line 520]
Event: 0.076 Thread 0x000001ba0b599360 Exception <a 'sun/nio/fs/WindowsException'{0x000000008a4bfb38}> (0x000000008a4bfb38) 
thrown [s\open\src\hotspot\share\prims\jni.cpp, line 520]
Event: 0.109 Thread 0x000001ba0b599360 Exception <a 'java/lang/ClassNotFoundException'{0x000000008a388d70}: sun/awt/resources/spi/awtProvider> (0x000000008a388d70) 
thrown [s\open\src\hotspot\share\classfile\systemDictionary.cpp, line 313]
Event: 0.126 Thread 0x000001ba0b599360 Exception <a 'java/io/FileNotFoundException'{0x000000008a3dd708}> (0x000000008a3dd708) 
thrown [s\open\src\hotspot\share\prims\jni.cpp, line 520]
Event: 0.133 Thread 0x000001ba0b599360 Exception <a 'java/io/FileNotFoundException'{0x000000008a20bbb0}> (0x000000008a20bbb0) 
thrown [s\open\src\hotspot\share\prims\jni.cpp, line 520]
Event: 0.196 Thread 0x000001ba0b599360 Exception <a 'java/lang/NoSuchMethodError'{0x000000008a115190}: 'void java.lang.invoke.DirectMethodHandle$Holder.invokeSpecial(java.lang.Object, java.lang.Object, java.lang.Object)'> (0x000000008a115190) 
thrown [s\open\src\hotspot\share\interpreter\linkResolver.cpp, line 774]
Event: 0.201 Thread 0x000001ba0b599360 Exception <a 'java/lang/NoSuchMethodError'{0x000000008a13b468}: 'java.lang.Object java.lang.invoke.DirectMethodHandle$Holder.newInvokeSpecial(java.lang.Object, java.lang.Object, java.lang.Object, java.lang.Object, java.lang.Object)'> (0x000000008a13b468) 
thrown [s\open\src\hotspot\share\interpreter\linkResolver.cpp, line 774]
Event: 0.206 Thread 0x000001ba0b599360 Exception <a 'java/lang/NoSuchMethodError'{0x000000008a167fd0}: 'java.lang.Object java.lang.invoke.DirectMethodHandle$Holder.invokeStatic(java.lang.Object, int, java.lang.Object)'> (0x000000008a167fd0) 
thrown [s\open\src\hotspot\share\interpreter\linkResolver.cpp, line 774]
Event: 0.222 Thread 0x000001ba0b599360 Exception <a 'java/lang/ClassNotFoundException'{0x000000008a00a0c8}: com/sun/swing/internal/plaf/metal/resources/spi/metalProvider> (0x000000008a00a0c8) 
thrown [s\open\src\hotspot\share\classfile\systemDictionary.cpp, line 313]
Event: 0.222 Thread 0x000001ba0b599360 Exception <a 'java/lang/ClassNotFoundException'{0x000000008a00e078}: com/sun/swing/internal/plaf/basic/resources/spi/basicProvider> (0x000000008a00e078) 
thrown [s\open\src\hotspot\share\classfile\systemDictionary.cpp, line 313]
Event: 0.230 Thread 0x000001ba0b599360 Exception <a 'java/lang/NoSuchMethodError'{0x000000008a02d7e8}: 'int java.lang.invoke.Invokers$Holder.invokeExact_MT(java.lang.Object, java.lang.Object)'> (0x000000008a02d7e8) 
thrown [s\open\src\hotspot\share\interpreter\linkResolver.cpp, line 774]
Event: 0.247 Thread 0x000001ba279b5970 Exception <a 'java/lang/NoSuchMethodError'{0x000000008a2e5ae0}: 'void java.lang.invoke.DirectMethodHandle$Holder.invokeVirtual(java.lang.Object, java.lang.Object)'> (0x000000008a2e5ae0) 
thrown [s\open\src\hotspot\share\interpreter\linkResolver.cpp, line 774]
Event: 0.260 Thread 0x000001ba0b599360 Exception <a 'java/lang/NoSuchMethodError'{0x000000008a069b38}: 'void java.lang.invoke.DirectMethodHandle$Holder.invokeStaticInit(java.lang.Object)'> (0x000000008a069b38) 
thrown [s\open\src\hotspot\share\interpreter\linkResolver.cpp, line 774]

ZGC Phase Switch (0 events):
No events

VM Operations (20 events):
Event: 0.234 Executing VM operation: HandshakeAllThreads (Deoptimize)
Event: 0.234 Executing VM operation: HandshakeAllThreads (Deoptimize) done
Event: 0.537 Executing VM operation: G1CollectForAllocation (G1 Evacuation Pause)
Event: 0.541 Executing VM operation: G1CollectForAllocation (G1 Evacuation Pause) done
Event: 0.556 Executing VM operation: HandshakeAllThreads (Deoptimize)
Event: 0.556 Executing VM operation: HandshakeAllThreads (Deoptimize) done
Event: 1.562 Executing VM operation: Cleanup
Event: 1.562 Executing VM operation: Cleanup done
Event: 3.576 Executing VM operation: Cleanup
Event: 3.576 Executing VM operation: Cleanup done
Event: 10.625 Executing VM operation: Cleanup
Event: 10.625 Executing VM operation: Cleanup done
Event: 11.634 Executing VM operation: Cleanup
Event: 11.634 Executing VM operation: Cleanup done
Event: 12.638 Executing VM operation: Cleanup
Event: 12.638 Executing VM operation: Cleanup done
Event: 60.106 Executing VM operation: HandshakeAllThreads (HandshakeForDeflation)
Event: 60.106 Executing VM operation: HandshakeAllThreads (HandshakeForDeflation) done
Event: 60.106 Executing VM operation: RendezvousGCThreads
Event: 60.106 Executing VM operation: RendezvousGCThreads done

Memory protections (0 events):
No events

Nmethod flushes (0 events):
No events

Events (19 events):
Event: 0.026 Thread 0x000001ba0b599360 Thread added: 0x000001ba0b599360
Event: 0.038 Thread 0x000001ba0b599360 Thread added: 0x000001ba274f1f00
Event: 0.038 Thread 0x000001ba0b599360 Thread added: 0x000001ba274f6d40
Event: 0.038 Thread 0x000001ba0b599360 Thread added: 0x000001ba274fb490
Event: 0.038 Thread 0x000001ba0b599360 Thread added: 0x000001ba274fbef0
Event: 0.038 Thread 0x000001ba0b599360 Thread added: 0x000001ba274fc950
Event: 0.038 Thread 0x000001ba0b599360 Thread added: 0x000001ba274fd780
Event: 0.038 Thread 0x000001ba0b599360 Thread added: 0x000001ba27522450
Event: 0.039 Thread 0x000001ba0b599360 Thread added: 0x000001ba2752d2f0
Event: 0.058 Thread 0x000001ba0b599360 Thread added: 0x000001ba276f8610
Event: 0.087 Thread 0x000001ba0b599360 Thread added: 0x000001ba277f0050
Event: 0.170 Thread 0x000001ba0b599360 Thread added: 0x000001ba27850e90
Event: 0.171 Thread 0x000001ba0b599360 Thread added: 0x000001ba279b2210
Event: 0.172 Thread 0x000001ba0b599360 Thread added: 0x000001ba279b5970
Event: 0.249 Thread 0x000001ba279b5970 Thread added: 0x000001ba27a1b190
Event: 0.307 Thread 0x000001ba0b599360 Thread exited: 0x000001ba0b599360
Event: 0.307 Thread 0x000001ba0b599360 Thread added: 0x000001ba0b599360
Event: 0.557 Thread 0x000001ba2752d2f0 Thread added: 0x000001ba6e1d3070
Event: 1.187 Thread 0x000001ba6e1d3070 Thread exited: 0x000001ba6e1d3070


Dynamic libraries:
0x00007ff6d2580000 - 0x00007ff6d2590000 	C:\Program Files\Java\jdk-22\bin\java.exe
0x00007ffff7930000 - 0x00007ffff7b47000 	C:\WINDOWS\SYSTEM32\ntdll.dll
0x00007ffff69b0000 - 0x00007ffff6a74000 	C:\WINDOWS\System32\KERNEL32.DLL
0x00007ffff50d0000 - 0x00007ffff547d000 	C:\WINDOWS\System32\KERNELBASE.dll
0x00007ffff1ce0000 - 0x00007ffff1d77000 	C:\WINDOWS\SYSTEM32\apphelp.dll
0x00007ffff4e60000 - 0x00007ffff4f71000 	C:\WINDOWS\System32\ucrtbase.dll
0x00007fffde800000 - 0x00007fffde817000 	C:\Program Files\Java\jdk-22\bin\jli.dll
0x00007ffff7700000 - 0x00007ffff78ae000 	C:\WINDOWS\System32\USER32.dll
0x00007ffff4f80000 - 0x00007ffff4fa6000 	C:\WINDOWS\System32\win32u.dll
0x00007ffff5df0000 - 0x00007ffff5e19000 	C:\WINDOWS\System32\GDI32.dll
0x00007fffd2bc0000 - 0x00007fffd2e53000 	C:\WINDOWS\WinSxS\amd64_microsoft.windows.common-controls_6595b64144ccf1df_6.0.22621.3672_none_2713b9d173822955\COMCTL32.dll
0x00007ffff4fb0000 - 0x00007ffff50c9000 	C:\WINDOWS\System32\gdi32full.dll
0x00007ffff6a80000 - 0x00007ffff6b27000 	C:\WINDOWS\System32\msvcrt.dll
0x00007ffff4c50000 - 0x00007ffff4cea000 	C:\WINDOWS\System32\msvcp_win.dll
0x00007fffeac60000 - 0x00007fffeac7b000 	C:\Program Files\Java\jdk-22\bin\VCRUNTIME140.dll
0x00007ffff78b0000 - 0x00007ffff78e1000 	C:\WINDOWS\System32\IMM32.DLL
0x000000006b4a0000 - 0x000000006b4ac000 	C:\Program Files (x86)\360\Total Security\safemon\SafeWrapper.dll
0x00007ffff6d80000 - 0x00007ffff6e32000 	C:\WINDOWS\System32\ADVAPI32.dll
0x00007ffff5660000 - 0x00007ffff5709000 	C:\WINDOWS\System32\sechost.dll
0x00007ffff5630000 - 0x00007ffff5658000 	C:\WINDOWS\System32\bcrypt.dll
0x00007ffff6890000 - 0x00007ffff69a4000 	C:\WINDOWS\System32\RPCRT4.dll
0x00007fffbf360000 - 0x00007fffbf3f2000 	C:\Program Files (x86)\360\Total Security\safemon\libzdtp64.dll
0x00007ffff6e90000 - 0x00007ffff76f8000 	C:\WINDOWS\System32\SHELL32.dll
0x00007ffff5950000 - 0x00007ffff59ae000 	C:\WINDOWS\System32\SHLWAPI.dll
0x00007ffff4610000 - 0x00007ffff461a000 	C:\WINDOWS\SYSTEM32\VERSION.dll
0x00007fffeac80000 - 0x00007fffeac8c000 	C:\Program Files\Java\jdk-22\bin\vcruntime140_1.dll
0x00007fffbee80000 - 0x00007fffbef0e000 	C:\Program Files\Java\jdk-22\bin\msvcp140.dll
0x00007fff57e80000 - 0x00007fff58bc9000 	C:\Program Files\Java\jdk-22\bin\server\jvm.dll
0x00007ffff59b0000 - 0x00007ffff5a21000 	C:\WINDOWS\System32\WS2_32.dll
0x00007ffff4b10000 - 0x00007ffff4b5d000 	C:\WINDOWS\SYSTEM32\POWRPROF.dll
0x00007fffee240000 - 0x00007fffee274000 	C:\WINDOWS\SYSTEM32\WINMM.dll
0x00007ffff4af0000 - 0x00007ffff4b03000 	C:\WINDOWS\SYSTEM32\UMPDC.dll
0x00007ffff3c10000 - 0x00007ffff3c28000 	C:\WINDOWS\SYSTEM32\kernel.appcore.dll
0x00007fffeac50000 - 0x00007fffeac5a000 	C:\Program Files\Java\jdk-22\bin\jimage.dll
0x00007fffecec0000 - 0x00007fffed0f2000 	C:\WINDOWS\SYSTEM32\DBGHELP.DLL
0x00007ffff5a60000 - 0x00007ffff5ded000 	C:\WINDOWS\System32\combase.dll
0x00007ffff6ba0000 - 0x00007ffff6c77000 	C:\WINDOWS\System32\OLEAUT32.dll
0x00007fffece80000 - 0x00007fffeceb2000 	C:\WINDOWS\SYSTEM32\dbgcore.DLL
0x00007ffff54f0000 - 0x00007ffff556b000 	C:\WINDOWS\System32\bcryptPrimitives.dll
0x00007fffdbe90000 - 0x00007fffdbeae000 	C:\Program Files\Java\jdk-22\bin\java.dll
0x00007ffff5720000 - 0x00007ffff58c5000 	C:\WINDOWS\System32\ole32.dll
0x00007ffff2b30000 - 0x00007ffff342e000 	C:\WINDOWS\SYSTEM32\windows.storage.dll
0x00007ffff29f0000 - 0x00007ffff2b2f000 	C:\WINDOWS\SYSTEM32\wintypes.dll
0x00007ffff6150000 - 0x00007ffff6249000 	C:\WINDOWS\System32\SHCORE.dll
0x00007ffff4b80000 - 0x00007ffff4ba1000 	C:\WINDOWS\SYSTEM32\profapi.dll
0x00007fffbbb10000 - 0x00007fffbbbe7000 	C:\Program Files\Java\jdk-22\bin\jsvml.dll
0x00007fffdbe80000 - 0x00007fffdbe90000 	C:\Program Files\Java\jdk-22\bin\net.dll
0x00007ffff4080000 - 0x00007ffff40e9000 	C:\WINDOWS\system32\mswsock.dll
0x00007fffd9290000 - 0x00007fffd92a6000 	C:\Program Files\Java\jdk-22\bin\nio.dll
0x00007fffd91e0000 - 0x00007fffd91f7000 	C:\Program Files\Java\jdk-22\bin\zip.dll
0x00007fffbb980000 - 0x00007fffbbb0e000 	C:\Program Files\Java\jdk-22\bin\awt.dll
0x00007ffff2370000 - 0x00007ffff239b000 	C:\WINDOWS\system32\DWMAPI.DLL
0x00007ffff2100000 - 0x00007ffff21b0000 	C:\WINDOWS\system32\uxtheme.dll
0x00007fffd5400000 - 0x00007fffd5500000 	C:\WINDOWS\system32\opengl32.dll
0x00007fffeb820000 - 0x00007fffeb84d000 	C:\WINDOWS\SYSTEM32\GLU32.dll
0x00007ffff2310000 - 0x00007ffff2347000 	C:\WINDOWS\SYSTEM32\dxcore.dll
0x00007ffff5e20000 - 0x00007ffff5f7b000 	C:\WINDOWS\System32\MSCTF.dll
0x00007fffbe910000 - 0x00007fffbe997000 	C:\Program Files\Java\jdk-22\bin\freetype.dll
0x00007fffbabf0000 - 0x00007fffbacc7000 	C:\Program Files\Java\jdk-22\bin\fontmanager.dll
0x00007fffe12b0000 - 0x00007fffe13fe000 	C:\WINDOWS\SYSTEM32\textinputframework.dll
0x00007ffff1820000 - 0x00007ffff1953000 	C:\WINDOWS\SYSTEM32\CoreMessaging.dll
0x00007fffe8880000 - 0x00007fffe8bed000 	C:\WINDOWS\SYSTEM32\CoreUIComponents.dll
0x00007ffff4300000 - 0x00007ffff430c000 	C:\WINDOWS\SYSTEM32\CRYPTBASE.DLL

dbghelp: loaded successfully - version: 4.0.5 - missing functions: none
symbol engine: initialized successfully - sym options: 0x614 - pdb path: .;C:\Program Files\Java\jdk-22\bin;C:\WINDOWS\SYSTEM32;C:\WINDOWS\WinSxS\amd64_microsoft.windows.common-controls_6595b64144ccf1df_6.0.22621.3672_none_2713b9d173822955;C:\Program Files (x86)\360\Total Security\safemon;C:\Program Files\Java\jdk-22\bin\server

VM Arguments:
jvm_args: -Dfile.encoding=UTF-8 --module-path=C:\Users\Lenovo\Documents\NetBeansProjects\bank management system\build\classes 
java_command: bank.management.system.SignupThree
java_class_path (initial): C:\Users\Lenovo\Downloads\jcalendar-tz-1.3.3-4.jar;C:\Users\Lenovo\Downloads\mysql-connector-java-8.0.28.jar;C:\Users\Lenovo\Documents\NetBeansProjects\bank management system\build\classes
Launcher Type: SUN_STANDARD

[Global flags]
     intx CICompilerCount                          = 3                                         {product} {ergonomic}
     uint ConcGCThreads                            = 1                                         {product} {ergonomic}
     uint G1ConcRefinementThreads                  = 4                                         {product} {ergonomic}
   size_t G1HeapRegionSize                         = 1048576                                   {product} {ergonomic}
   size_t InitialHeapSize                          = 132120576                                 {product} {ergonomic}
   size_t MarkStackSize                            = 4194304                                   {product} {ergonomic}
   size_t MaxHeapSize                              = 2105540608                                {product} {ergonomic}
   size_t MaxNewSize                               = 1262485504                                {product} {ergonomic}
   size_t MinHeapDeltaBytes                        = 1048576                                   {product} {ergonomic}
   size_t MinHeapSize                              = 8388608                                   {product} {ergonomic}
    uintx NonNMethodCodeHeapSize                   = 5832780                                {pd product} {ergonomic}
    uintx NonProfiledCodeHeapSize                  = 122912730                              {pd product} {ergonomic}
    uintx ProfiledCodeHeapSize                     = 122912730                              {pd product} {ergonomic}
    uintx ReservedCodeCacheSize                    = 251658240                              {pd product} {ergonomic}
     bool SegmentedCodeCache                       = true                                      {product} {ergonomic}
   size_t SoftMaxHeapSize                          = 2105540608                             {manageable} {ergonomic}
     bool UseCompressedOops                        = true                           {product lp64_product} {ergonomic}
     bool UseG1GC                                  = true                                      {product} {ergonomic}
     bool UseLargePagesIndividualAllocation        = false                                  {pd product} {ergonomic}

Logging:
Log output configuration:
 #0: stdout all=warning uptime,level,tags foldmultilines=false
 #1: stderr all=off uptime,level,tags foldmultilines=false

Environment Variables:
PATH=C:\Program Files\Common Files\Oracle\Java\javapath;C:\WINDOWS\system32;C:\WINDOWS;C:\WINDOWS\System32\Wbem;C:\WINDOWS\System32\WindowsPowerShell\v1.0\;C:\WINDOWS\System32\OpenSSH\;C:\Program Files\dotnet\;C:\Program Files\Java\jdk-22\bin;C:\Program Files\MySQL\MySQL Shell 8.0\bin\;C:\Users\Lenovo\AppData\Local\Programs\Python\Python312\Scripts\;C:\Users\Lenovo\AppData\Local\Programs\Python\Python312\;C:\Users\Lenovo\AppData\Local\Microsoft\WindowsApps;C:\Users\Lenovo\AppData\Local\Programs\Microsoft VS Code\bin
USERNAME=Lenovo
OS=Windows_NT
PROCESSOR_IDENTIFIER=Intel64 Family 6 Model 142 Stepping 12, GenuineIntel
TMP=C:\Users\Lenovo\AppData\Local\Temp
TEMP=C:\Users\Lenovo\AppData\Local\Temp




Periodic native trim disabled

---------------  S Y S T E M  ---------------

OS:
 Windows 11 , 64 bit Build 22621 (10.0.22621.3958)
OS uptime: 19 days 23:31 hours

CPU: total 4 (initial active 4) (2 cores per cpu, 2 threads per core) family 6 model 142 stepping 12 microcode 0xf0, cx8, cmov, fxsr, ht, mmx, 3dnowpref, sse, sse2, sse3, ssse3, sse4.1, sse4.2, popcnt, lzcnt, tsc, tscinvbit, avx, avx2, aes, erms, clmul, bmi1, bmi2, adx, fma, vzeroupper, clflush, clflushopt, rdtscp, f16c
Processor Information for processor 0
  Max Mhz: 2592, Current Mhz: 1495, Mhz Limit: 2073
Processor Information for processor 1
  Max Mhz: 2592, Current Mhz: 2093, Mhz Limit: 2073
Processor Information for processor 2
  Max Mhz: 2592, Current Mhz: 1495, Mhz Limit: 2073
Processor Information for processor 3
  Max Mhz: 2592, Current Mhz: 1495, Mhz Limit: 2073

Memory: 4k page, system-wide physical 8026M (454M free)
TotalPageFile size 32602M (AvailPageFile size 0M)
current process WorkingSet (physical memory assigned to process): 75M, peak: 82M
current process commit charge ("private bytes"): 209M, peak: 219M

vm_info: Java HotSpot(TM) 64-Bit Server VM (22.0.2+9-70) for windows-amd64 JRE (22.0.2+9-70), built on 2024-06-04T16:52:23Z by "mach5one" with MS VC++ 17.6 (VS2022)

END.
